{"/Users/wooyomac/2020-2/myswpp/swpp-hw3-wooong210/src/App.js": {"path":"/Users/wooyomac/2020-2/myswpp/swpp-hw3-wooong210/src/App.js","statementMap":{"0":{"start":{"line":13,"column":2},"end":{"line":28,"column":4}},"1":{"start":{"line":24,"column":31},"end":{"line":24,"column":49}}},"fnMap":{"0":{"name":"App","decl":{"start":{"line":12,"column":9},"end":{"line":12,"column":12}},"loc":{"start":{"line":12,"column":20},"end":{"line":29,"column":1}},"line":12},"1":{"name":"(anonymous_1)","decl":{"start":{"line":24,"column":25},"end":{"line":24,"column":26}},"loc":{"start":{"line":24,"column":31},"end":{"line":24,"column":49}},"line":24}},"branchMap":{},"s":{"0":2,"1":2},"f":{"0":2,"1":2},"b":{},"_coverageSchema":"43e27e138ebf9cfc5966b082cf9a028302ed4184","hash":"86fa41da3b3c51c29d664f4d20c71d3615c6ec49"}
,"/Users/wooyomac/2020-2/myswpp/swpp-hw3-wooong210/src/components/Article/Article.js": {"path":"/Users/wooyomac/2020-2/myswpp/swpp-hw3-wooong210/src/components/Article/Article.js","statementMap":{"0":{"start":{"line":4,"column":16},"end":{"line":17,"column":1}},"1":{"start":{"line":5,"column":1},"end":{"line":16,"column":3}}},"fnMap":{"0":{"name":"(anonymous_0)","decl":{"start":{"line":4,"column":16},"end":{"line":4,"column":17}},"loc":{"start":{"line":4,"column":27},"end":{"line":17,"column":1}},"line":4}},"branchMap":{},"s":{"0":2,"1":1},"f":{"0":1},"b":{},"_coverageSchema":"43e27e138ebf9cfc5966b082cf9a028302ed4184","hash":"f94e633d7e202a09bb8a1185d74762cc99ba6575"}
,"/Users/wooyomac/2020-2/myswpp/swpp-hw3-wooong210/src/components/ArticleList/ArticleList.js": {"path":"/Users/wooyomac/2020-2/myswpp/swpp-hw3-wooong210/src/components/ArticleList/ArticleList.js","statementMap":{"0":{"start":{"line":4,"column":20},"end":{"line":12,"column":1}},"1":{"start":{"line":5,"column":1},"end":{"line":11,"column":3}}},"fnMap":{"0":{"name":"(anonymous_0)","decl":{"start":{"line":4,"column":20},"end":{"line":4,"column":21}},"loc":{"start":{"line":4,"column":31},"end":{"line":12,"column":1}},"line":4}},"branchMap":{},"s":{"0":2,"1":1},"f":{"0":1},"b":{},"_coverageSchema":"43e27e138ebf9cfc5966b082cf9a028302ed4184","hash":"c1c5a570641bd70baa9387f09b39422be312f705"}
,"/Users/wooyomac/2020-2/myswpp/swpp-hw3-wooong210/src/components/Comment/Comment.js": {"path":"/Users/wooyomac/2020-2/myswpp/swpp-hw3-wooong210/src/components/Comment/Comment.js","statementMap":{"0":{"start":{"line":4,"column":16},"end":{"line":15,"column":1}},"1":{"start":{"line":5,"column":1},"end":{"line":14,"column":3}}},"fnMap":{"0":{"name":"(anonymous_0)","decl":{"start":{"line":4,"column":16},"end":{"line":4,"column":17}},"loc":{"start":{"line":4,"column":27},"end":{"line":15,"column":1}},"line":4}},"branchMap":{"0":{"loc":{"start":{"line":9,"column":4},"end":{"line":10,"column":78}},"type":"binary-expr","locations":[{"start":{"line":9,"column":4},"end":{"line":9,"column":37}},{"start":{"line":10,"column":4},"end":{"line":10,"column":78}}],"line":9},"1":{"loc":{"start":{"line":11,"column":4},"end":{"line":12,"column":84}},"type":"binary-expr","locations":[{"start":{"line":11,"column":4},"end":{"line":11,"column":37}},{"start":{"line":12,"column":4},"end":{"line":12,"column":84}}],"line":11}},"s":{"0":2,"1":1},"f":{"0":1},"b":{"0":[1,1],"1":[1,1]},"_coverageSchema":"43e27e138ebf9cfc5966b082cf9a028302ed4184","hash":"70b8c19c3cd6b9d0555375772508b0fc4a625a91"}
,"/Users/wooyomac/2020-2/myswpp/swpp-hw3-wooong210/src/components/Header/Header.js": {"path":"/Users/wooyomac/2020-2/myswpp/swpp-hw3-wooong210/src/components/Header/Header.js","statementMap":{"0":{"start":{"line":11,"column":2},"end":{"line":11,"column":33}},"1":{"start":{"line":14,"column":22},"end":{"line":17,"column":2}},"2":{"start":{"line":15,"column":2},"end":{"line":15,"column":42}},"3":{"start":{"line":16,"column":2},"end":{"line":16,"column":36}},"4":{"start":{"line":20,"column":2},"end":{"line":24,"column":4}},"5":{"start":{"line":22,"column":97},"end":{"line":22,"column":122}},"6":{"start":{"line":28,"column":24},"end":{"line":33,"column":1}},"7":{"start":{"line":29,"column":1},"end":{"line":32,"column":3}},"8":{"start":{"line":35,"column":27},"end":{"line":40,"column":1}},"9":{"start":{"line":36,"column":1},"end":{"line":39,"column":3}},"10":{"start":{"line":37,"column":28},"end":{"line":37,"column":71}},"11":{"start":{"line":38,"column":20},"end":{"line":38,"column":59}}},"fnMap":{"0":{"name":"(anonymous_0)","decl":{"start":{"line":10,"column":1},"end":{"line":10,"column":2}},"loc":{"start":{"line":10,"column":21},"end":{"line":12,"column":2}},"line":10},"1":{"name":"(anonymous_1)","decl":{"start":{"line":14,"column":22},"end":{"line":14,"column":23}},"loc":{"start":{"line":14,"column":28},"end":{"line":17,"column":2}},"line":14},"2":{"name":"(anonymous_2)","decl":{"start":{"line":19,"column":1},"end":{"line":19,"column":2}},"loc":{"start":{"line":19,"column":9},"end":{"line":25,"column":2}},"line":19},"3":{"name":"(anonymous_3)","decl":{"start":{"line":22,"column":91},"end":{"line":22,"column":92}},"loc":{"start":{"line":22,"column":97},"end":{"line":22,"column":122}},"line":22},"4":{"name":"(anonymous_4)","decl":{"start":{"line":28,"column":24},"end":{"line":28,"column":25}},"loc":{"start":{"line":28,"column":33},"end":{"line":33,"column":1}},"line":28},"5":{"name":"(anonymous_5)","decl":{"start":{"line":35,"column":27},"end":{"line":35,"column":28}},"loc":{"start":{"line":35,"column":39},"end":{"line":40,"column":1}},"line":35},"6":{"name":"(anonymous_6)","decl":{"start":{"line":37,"column":20},"end":{"line":37,"column":21}},"loc":{"start":{"line":37,"column":28},"end":{"line":37,"column":71}},"line":37},"7":{"name":"(anonymous_7)","decl":{"start":{"line":38,"column":12},"end":{"line":38,"column":13}},"loc":{"start":{"line":38,"column":20},"end":{"line":38,"column":59}},"line":38}},"branchMap":{"0":{"loc":{"start":{"line":22,"column":5},"end":{"line":22,"column":139}},"type":"binary-expr","locations":[{"start":{"line":22,"column":5},"end":{"line":22,"column":25}},{"start":{"line":22,"column":29},"end":{"line":22,"column":139}}],"line":22}},"s":{"0":5,"1":5,"2":2,"3":2,"4":9,"5":2,"6":2,"7":11,"8":2,"9":5,"10":5,"11":2},"f":{"0":5,"1":2,"2":9,"3":2,"4":11,"5":5,"6":5,"7":2},"b":{"0":[9,5]},"_coverageSchema":"43e27e138ebf9cfc5966b082cf9a028302ed4184","hash":"44a100af2e0805dd7e629f4f327f0b0461ad0b9c"}
,"/Users/wooyomac/2020-2/myswpp/swpp-hw3-wooong210/src/containers/Articles/Articles.js": {"path":"/Users/wooyomac/2020-2/myswpp/swpp-hw3-wooong210/src/containers/Articles/Articles.js","statementMap":{"0":{"start":{"line":8,"column":9},"end":{"line":10,"column":2}},"1":{"start":{"line":13,"column":2},"end":{"line":13,"column":24}},"2":{"start":{"line":14,"column":2},"end":{"line":14,"column":33}},"3":{"start":{"line":15,"column":2},"end":{"line":15,"column":55}},"4":{"start":{"line":15,"column":27},"end":{"line":15,"column":55}},"5":{"start":{"line":16,"column":2},"end":{"line":16,"column":62}},"6":{"start":{"line":16,"column":28},"end":{"line":16,"column":62}},"7":{"start":{"line":19,"column":19},"end":{"line":21,"column":2}},"8":{"start":{"line":20,"column":2},"end":{"line":20,"column":49}},"9":{"start":{"line":23,"column":22},"end":{"line":25,"column":2}},"10":{"start":{"line":24,"column":2},"end":{"line":24,"column":46}},"11":{"start":{"line":28,"column":15},"end":{"line":40,"column":4}},"12":{"start":{"line":29,"column":14},"end":{"line":29,"column":77}},"13":{"start":{"line":30,"column":3},"end":{"line":39,"column":5}},"14":{"start":{"line":37,"column":19},"end":{"line":37,"column":44}},"15":{"start":{"line":42,"column":2},"end":{"line":49,"column":3}},"16":{"start":{"line":47,"column":73},"end":{"line":47,"column":98}},"17":{"start":{"line":53,"column":24},"end":{"line":59,"column":1}},"18":{"start":{"line":54,"column":1},"end":{"line":58,"column":3}},"19":{"start":{"line":61,"column":27},"end":{"line":67,"column":1}},"20":{"start":{"line":62,"column":1},"end":{"line":66,"column":3}},"21":{"start":{"line":63,"column":18},"end":{"line":63,"column":56}},"22":{"start":{"line":64,"column":28},"end":{"line":64,"column":71}},"23":{"start":{"line":65,"column":24},"end":{"line":65,"column":63}}},"fnMap":{"0":{"name":"(anonymous_0)","decl":{"start":{"line":12,"column":1},"end":{"line":12,"column":2}},"loc":{"start":{"line":12,"column":21},"end":{"line":17,"column":2}},"line":12},"1":{"name":"(anonymous_1)","decl":{"start":{"line":19,"column":19},"end":{"line":19,"column":20}},"loc":{"start":{"line":19,"column":28},"end":{"line":21,"column":2}},"line":19},"2":{"name":"(anonymous_2)","decl":{"start":{"line":23,"column":22},"end":{"line":23,"column":23}},"loc":{"start":{"line":23,"column":28},"end":{"line":25,"column":2}},"line":23},"3":{"name":"(anonymous_3)","decl":{"start":{"line":27,"column":1},"end":{"line":27,"column":2}},"loc":{"start":{"line":27,"column":10},"end":{"line":50,"column":2}},"line":27},"4":{"name":"(anonymous_4)","decl":{"start":{"line":28,"column":46},"end":{"line":28,"column":47}},"loc":{"start":{"line":28,"column":55},"end":{"line":40,"column":3}},"line":28},"5":{"name":"(anonymous_5)","decl":{"start":{"line":37,"column":13},"end":{"line":37,"column":14}},"loc":{"start":{"line":37,"column":19},"end":{"line":37,"column":44}},"line":37},"6":{"name":"(anonymous_6)","decl":{"start":{"line":47,"column":67},"end":{"line":47,"column":68}},"loc":{"start":{"line":47,"column":73},"end":{"line":47,"column":98}},"line":47},"7":{"name":"(anonymous_7)","decl":{"start":{"line":53,"column":24},"end":{"line":53,"column":25}},"loc":{"start":{"line":53,"column":33},"end":{"line":59,"column":1}},"line":53},"8":{"name":"(anonymous_8)","decl":{"start":{"line":61,"column":27},"end":{"line":61,"column":28}},"loc":{"start":{"line":61,"column":39},"end":{"line":67,"column":1}},"line":61},"9":{"name":"(anonymous_9)","decl":{"start":{"line":63,"column":12},"end":{"line":63,"column":13}},"loc":{"start":{"line":63,"column":18},"end":{"line":63,"column":56}},"line":63},"10":{"name":"(anonymous_10)","decl":{"start":{"line":64,"column":20},"end":{"line":64,"column":21}},"loc":{"start":{"line":64,"column":28},"end":{"line":64,"column":71}},"line":64},"11":{"name":"(anonymous_11)","decl":{"start":{"line":65,"column":18},"end":{"line":65,"column":19}},"loc":{"start":{"line":65,"column":24},"end":{"line":65,"column":63}},"line":65}},"branchMap":{"0":{"loc":{"start":{"line":15,"column":2},"end":{"line":15,"column":55}},"type":"if","locations":[{"start":{"line":15,"column":2},"end":{"line":15,"column":55}},{"start":{"line":15,"column":2},"end":{"line":15,"column":55}}],"line":15},"1":{"loc":{"start":{"line":16,"column":2},"end":{"line":16,"column":62}},"type":"if","locations":[{"start":{"line":16,"column":2},"end":{"line":16,"column":62}},{"start":{"line":16,"column":2},"end":{"line":16,"column":62}}],"line":16},"2":{"loc":{"start":{"line":29,"column":14},"end":{"line":29,"column":77}},"type":"cond-expr","locations":[{"start":{"line":29,"column":38},"end":{"line":29,"column":72}},{"start":{"line":29,"column":75},"end":{"line":29,"column":77}}],"line":29}},"s":{"0":1,"1":1,"2":1,"3":1,"4":1,"5":1,"6":0,"7":1,"8":0,"9":1,"10":0,"11":1,"12":0,"13":0,"14":0,"15":1,"16":0,"17":1,"18":1,"19":1,"20":1,"21":1,"22":1,"23":1},"f":{"0":1,"1":0,"2":0,"3":1,"4":0,"5":0,"6":0,"7":1,"8":1,"9":1,"10":1,"11":1},"b":{"0":[1,0],"1":[0,1],"2":[0,0]},"_coverageSchema":"43e27e138ebf9cfc5966b082cf9a028302ed4184","hash":"4df94c0381957967818e682c027d755003737710"}
,"/Users/wooyomac/2020-2/myswpp/swpp-hw3-wooong210/src/containers/Articles/ArticleDetail/ArticleDetail.js": {"path":"/Users/wooyomac/2020-2/myswpp/swpp-hw3-wooong210/src/containers/Articles/ArticleDetail/ArticleDetail.js","statementMap":{"0":{"start":{"line":8,"column":9},"end":{"line":10,"column":2}},"1":{"start":{"line":13,"column":2},"end":{"line":13,"column":55}},"2":{"start":{"line":13,"column":27},"end":{"line":13,"column":55}},"3":{"start":{"line":14,"column":2},"end":{"line":14,"column":64}},"4":{"start":{"line":15,"column":2},"end":{"line":15,"column":33}},"5":{"start":{"line":16,"column":2},"end":{"line":16,"column":32}},"6":{"start":{"line":17,"column":2},"end":{"line":17,"column":62}},"7":{"start":{"line":17,"column":28},"end":{"line":17,"column":62}},"8":{"start":{"line":21,"column":27},"end":{"line":23,"column":2}},"9":{"start":{"line":22,"column":2},"end":{"line":22,"column":55}},"10":{"start":{"line":25,"column":29},"end":{"line":28,"column":2}},"11":{"start":{"line":26,"column":2},"end":{"line":26,"column":33}},"12":{"start":{"line":27,"column":2},"end":{"line":27,"column":39}},"13":{"start":{"line":30,"column":32},"end":{"line":32,"column":2}},"14":{"start":{"line":31,"column":2},"end":{"line":31,"column":39}},"15":{"start":{"line":35,"column":36},"end":{"line":39,"column":2}},"16":{"start":{"line":36,"column":18},"end":{"line":36,"column":39}},"17":{"start":{"line":37,"column":2},"end":{"line":37,"column":60}},"18":{"start":{"line":38,"column":2},"end":{"line":38,"column":34}},"19":{"start":{"line":42,"column":14},"end":{"line":42,"column":16}},"20":{"start":{"line":42,"column":32},"end":{"line":42,"column":34}},"21":{"start":{"line":42,"column":52},"end":{"line":42,"column":54}},"22":{"start":{"line":42,"column":65},"end":{"line":42,"column":66}},"23":{"start":{"line":43,"column":2},"end":{"line":48,"column":3}},"24":{"start":{"line":44,"column":3},"end":{"line":44,"column":38}},"25":{"start":{"line":45,"column":3},"end":{"line":45,"column":44}},"26":{"start":{"line":46,"column":3},"end":{"line":46,"column":48}},"27":{"start":{"line":47,"column":3},"end":{"line":47,"column":52}},"28":{"start":{"line":49,"column":16},"end":{"line":49,"column":34}},"29":{"start":{"line":51,"column":15},"end":{"line":68,"column":4}},"30":{"start":{"line":51,"column":51},"end":{"line":51,"column":72}},"31":{"start":{"line":52,"column":25},"end":{"line":52,"column":88}},"32":{"start":{"line":53,"column":3},"end":{"line":67,"column":5}},"33":{"start":{"line":62,"column":18},"end":{"line":62,"column":47}},"34":{"start":{"line":63,"column":5},"end":{"line":63,"column":70}},"35":{"start":{"line":63,"column":16},"end":{"line":63,"column":70}},"36":{"start":{"line":65,"column":26},"end":{"line":65,"column":60}},"37":{"start":{"line":70,"column":2},"end":{"line":124,"column":5}},"38":{"start":{"line":91,"column":21},"end":{"line":91,"column":53}},"39":{"start":{"line":96,"column":21},"end":{"line":96,"column":55}},"40":{"start":{"line":100,"column":21},"end":{"line":100,"column":56}},"41":{"start":{"line":109,"column":26},"end":{"line":109,"column":75}},"42":{"start":{"line":114,"column":21},"end":{"line":114,"column":71}},"43":{"start":{"line":129,"column":24},"end":{"line":137,"column":1}},"44":{"start":{"line":130,"column":1},"end":{"line":136,"column":3}},"45":{"start":{"line":139,"column":27},"end":{"line":151,"column":1}},"46":{"start":{"line":140,"column":1},"end":{"line":150,"column":3}},"47":{"start":{"line":141,"column":24},"end":{"line":141,"column":63}},"48":{"start":{"line":142,"column":27},"end":{"line":142,"column":69}},"49":{"start":{"line":143,"column":28},"end":{"line":143,"column":71}},"50":{"start":{"line":144,"column":24},"end":{"line":144,"column":63}},"51":{"start":{"line":145,"column":26},"end":{"line":145,"column":64}},"52":{"start":{"line":146,"column":27},"end":{"line":146,"column":69}},"53":{"start":{"line":147,"column":26},"end":{"line":147,"column":67}},"54":{"start":{"line":149,"column":3},"end":{"line":149,"column":105}}},"fnMap":{"0":{"name":"(anonymous_0)","decl":{"start":{"line":12,"column":1},"end":{"line":12,"column":2}},"loc":{"start":{"line":12,"column":21},"end":{"line":18,"column":2}},"line":12},"1":{"name":"(anonymous_1)","decl":{"start":{"line":21,"column":27},"end":{"line":21,"column":28}},"loc":{"start":{"line":21,"column":35},"end":{"line":23,"column":2}},"line":21},"2":{"name":"(anonymous_2)","decl":{"start":{"line":25,"column":29},"end":{"line":25,"column":30}},"loc":{"start":{"line":25,"column":37},"end":{"line":28,"column":2}},"line":25},"3":{"name":"(anonymous_3)","decl":{"start":{"line":30,"column":32},"end":{"line":30,"column":33}},"loc":{"start":{"line":30,"column":38},"end":{"line":32,"column":2}},"line":30},"4":{"name":"(anonymous_4)","decl":{"start":{"line":35,"column":36},"end":{"line":35,"column":37}},"loc":{"start":{"line":35,"column":63},"end":{"line":39,"column":2}},"line":35},"5":{"name":"(anonymous_5)","decl":{"start":{"line":41,"column":1},"end":{"line":41,"column":2}},"loc":{"start":{"line":41,"column":10},"end":{"line":125,"column":2}},"line":41},"6":{"name":"(anonymous_6)","decl":{"start":{"line":51,"column":42},"end":{"line":51,"column":43}},"loc":{"start":{"line":51,"column":51},"end":{"line":51,"column":72}},"line":51},"7":{"name":"(anonymous_7)","decl":{"start":{"line":51,"column":78},"end":{"line":51,"column":79}},"loc":{"start":{"line":51,"column":87},"end":{"line":68,"column":3}},"line":51},"8":{"name":"(anonymous_8)","decl":{"start":{"line":61,"column":18},"end":{"line":61,"column":19}},"loc":{"start":{"line":61,"column":24},"end":{"line":64,"column":5}},"line":61},"9":{"name":"(anonymous_9)","decl":{"start":{"line":65,"column":20},"end":{"line":65,"column":21}},"loc":{"start":{"line":65,"column":26},"end":{"line":65,"column":60}},"line":65},"10":{"name":"(anonymous_10)","decl":{"start":{"line":91,"column":15},"end":{"line":91,"column":16}},"loc":{"start":{"line":91,"column":21},"end":{"line":91,"column":53}},"line":91},"11":{"name":"(anonymous_11)","decl":{"start":{"line":96,"column":15},"end":{"line":96,"column":16}},"loc":{"start":{"line":96,"column":21},"end":{"line":96,"column":55}},"line":96},"12":{"name":"(anonymous_12)","decl":{"start":{"line":100,"column":15},"end":{"line":100,"column":16}},"loc":{"start":{"line":100,"column":21},"end":{"line":100,"column":56}},"line":100},"13":{"name":"(anonymous_13)","decl":{"start":{"line":109,"column":15},"end":{"line":109,"column":16}},"loc":{"start":{"line":109,"column":26},"end":{"line":109,"column":75}},"line":109},"14":{"name":"(anonymous_14)","decl":{"start":{"line":114,"column":15},"end":{"line":114,"column":16}},"loc":{"start":{"line":114,"column":21},"end":{"line":114,"column":71}},"line":114},"15":{"name":"(anonymous_15)","decl":{"start":{"line":129,"column":24},"end":{"line":129,"column":25}},"loc":{"start":{"line":129,"column":33},"end":{"line":137,"column":1}},"line":129},"16":{"name":"(anonymous_16)","decl":{"start":{"line":139,"column":27},"end":{"line":139,"column":28}},"loc":{"start":{"line":139,"column":39},"end":{"line":151,"column":1}},"line":139},"17":{"name":"(anonymous_17)","decl":{"start":{"line":141,"column":16},"end":{"line":141,"column":17}},"loc":{"start":{"line":141,"column":24},"end":{"line":141,"column":63}},"line":141},"18":{"name":"(anonymous_18)","decl":{"start":{"line":142,"column":19},"end":{"line":142,"column":20}},"loc":{"start":{"line":142,"column":27},"end":{"line":142,"column":69}},"line":142},"19":{"name":"(anonymous_19)","decl":{"start":{"line":143,"column":20},"end":{"line":143,"column":21}},"loc":{"start":{"line":143,"column":28},"end":{"line":143,"column":71}},"line":143},"20":{"name":"(anonymous_20)","decl":{"start":{"line":144,"column":18},"end":{"line":144,"column":19}},"loc":{"start":{"line":144,"column":24},"end":{"line":144,"column":63}},"line":144},"21":{"name":"(anonymous_21)","decl":{"start":{"line":145,"column":20},"end":{"line":145,"column":21}},"loc":{"start":{"line":145,"column":26},"end":{"line":145,"column":64}},"line":145},"22":{"name":"(anonymous_22)","decl":{"start":{"line":146,"column":19},"end":{"line":146,"column":20}},"loc":{"start":{"line":146,"column":27},"end":{"line":146,"column":69}},"line":146},"23":{"name":"(anonymous_23)","decl":{"start":{"line":147,"column":17},"end":{"line":147,"column":18}},"loc":{"start":{"line":147,"column":26},"end":{"line":147,"column":67}},"line":147},"24":{"name":"(anonymous_24)","decl":{"start":{"line":148,"column":18},"end":{"line":148,"column":19}},"loc":{"start":{"line":149,"column":3},"end":{"line":149,"column":105}},"line":149}},"branchMap":{"0":{"loc":{"start":{"line":13,"column":2},"end":{"line":13,"column":55}},"type":"if","locations":[{"start":{"line":13,"column":2},"end":{"line":13,"column":55}},{"start":{"line":13,"column":2},"end":{"line":13,"column":55}}],"line":13},"1":{"loc":{"start":{"line":17,"column":2},"end":{"line":17,"column":62}},"type":"if","locations":[{"start":{"line":17,"column":2},"end":{"line":17,"column":62}},{"start":{"line":17,"column":2},"end":{"line":17,"column":62}}],"line":17},"2":{"loc":{"start":{"line":43,"column":2},"end":{"line":48,"column":3}},"type":"if","locations":[{"start":{"line":43,"column":2},"end":{"line":48,"column":3}},{"start":{"line":43,"column":2},"end":{"line":48,"column":3}}],"line":43},"3":{"loc":{"start":{"line":52,"column":25},"end":{"line":52,"column":88}},"type":"cond-expr","locations":[{"start":{"line":52,"column":49},"end":{"line":52,"column":83}},{"start":{"line":52,"column":86},"end":{"line":52,"column":88}}],"line":52},"4":{"loc":{"start":{"line":63,"column":5},"end":{"line":63,"column":70}},"type":"if","locations":[{"start":{"line":63,"column":5},"end":{"line":63,"column":70}},{"start":{"line":63,"column":5},"end":{"line":63,"column":70}}],"line":63},"5":{"loc":{"start":{"line":74,"column":14},"end":{"line":74,"column":73}},"type":"cond-expr","locations":[{"start":{"line":74,"column":38},"end":{"line":74,"column":68}},{"start":{"line":74,"column":71},"end":{"line":74,"column":73}}],"line":74},"6":{"loc":{"start":{"line":88,"column":6},"end":{"line":92,"column":19}},"type":"binary-expr","locations":[{"start":{"line":88,"column":6},"end":{"line":88,"column":27}},{"start":{"line":89,"column":5},"end":{"line":92,"column":19}}],"line":88},"7":{"loc":{"start":{"line":93,"column":6},"end":{"line":97,"column":21}},"type":"binary-expr","locations":[{"start":{"line":93,"column":6},"end":{"line":93,"column":27}},{"start":{"line":94,"column":5},"end":{"line":97,"column":21}}],"line":93},"8":{"loc":{"start":{"line":115,"column":15},"end":{"line":115,"column":56}},"type":"cond-expr","locations":[{"start":{"line":115,"column":41},"end":{"line":115,"column":43}},{"start":{"line":115,"column":46},"end":{"line":115,"column":56}}],"line":115}},"s":{"0":0,"1":0,"2":0,"3":0,"4":0,"5":0,"6":0,"7":0,"8":0,"9":0,"10":0,"11":0,"12":0,"13":0,"14":0,"15":0,"16":0,"17":0,"18":0,"19":0,"20":0,"21":0,"22":0,"23":0,"24":0,"25":0,"26":0,"27":0,"28":0,"29":0,"30":0,"31":0,"32":0,"33":0,"34":0,"35":0,"36":0,"37":0,"38":0,"39":0,"40":0,"41":0,"42":0,"43":1,"44":0,"45":1,"46":0,"47":0,"48":0,"49":0,"50":0,"51":0,"52":0,"53":0,"54":0},"f":{"0":0,"1":0,"2":0,"3":0,"4":0,"5":0,"6":0,"7":0,"8":0,"9":0,"10":0,"11":0,"12":0,"13":0,"14":0,"15":0,"16":0,"17":0,"18":0,"19":0,"20":0,"21":0,"22":0,"23":0,"24":0},"b":{"0":[0,0],"1":[0,0],"2":[0,0],"3":[0,0],"4":[0,0],"5":[0,0],"6":[0,0],"7":[0,0],"8":[0,0]},"_coverageSchema":"43e27e138ebf9cfc5966b082cf9a028302ed4184","hash":"fc217a6fc1aad0503afb325fbe773922ff4ff4f2"}
,"/Users/wooyomac/2020-2/myswpp/swpp-hw3-wooong210/src/containers/Articles/ArticleEdit/ArticleEdit.js": {"path":"/Users/wooyomac/2020-2/myswpp/swpp-hw3-wooong210/src/containers/Articles/ArticleEdit/ArticleEdit.js","statementMap":{"0":{"start":{"line":7,"column":9},"end":{"line":12,"column":2}},"1":{"start":{"line":15,"column":2},"end":{"line":15,"column":64}},"2":{"start":{"line":16,"column":2},"end":{"line":16,"column":55}},"3":{"start":{"line":16,"column":27},"end":{"line":16,"column":55}},"4":{"start":{"line":17,"column":2},"end":{"line":17,"column":33}},"5":{"start":{"line":18,"column":2},"end":{"line":18,"column":62}},"6":{"start":{"line":18,"column":28},"end":{"line":18,"column":62}},"7":{"start":{"line":19,"column":2},"end":{"line":25,"column":3}},"8":{"start":{"line":20,"column":3},"end":{"line":24,"column":6}},"9":{"start":{"line":28,"column":31},"end":{"line":34,"column":2}},"10":{"start":{"line":29,"column":2},"end":{"line":33,"column":35}},"11":{"start":{"line":30,"column":14},"end":{"line":30,"column":70}},"12":{"start":{"line":31,"column":3},"end":{"line":31,"column":40}},"13":{"start":{"line":31,"column":12},"end":{"line":31,"column":40}},"14":{"start":{"line":33,"column":7},"end":{"line":33,"column":35}},"15":{"start":{"line":36,"column":34},"end":{"line":39,"column":2}},"16":{"start":{"line":37,"column":15},"end":{"line":37,"column":123}},"17":{"start":{"line":38,"column":2},"end":{"line":38,"column":79}},"18":{"start":{"line":42,"column":2},"end":{"line":82,"column":4}},"19":{"start":{"line":56,"column":26},"end":{"line":56,"column":70}},"20":{"start":{"line":60,"column":25},"end":{"line":60,"column":71}},"21":{"start":{"line":65,"column":19},"end":{"line":65,"column":53}},"22":{"start":{"line":69,"column":19},"end":{"line":69,"column":56}},"23":{"start":{"line":74,"column":19},"end":{"line":74,"column":51}},"24":{"start":{"line":78,"column":19},"end":{"line":78,"column":52}},"25":{"start":{"line":87,"column":24},"end":{"line":94,"column":1}},"26":{"start":{"line":88,"column":1},"end":{"line":93,"column":3}},"27":{"start":{"line":96,"column":27},"end":{"line":105,"column":1}},"28":{"start":{"line":97,"column":1},"end":{"line":104,"column":3}},"29":{"start":{"line":98,"column":24},"end":{"line":98,"column":63}},"30":{"start":{"line":100,"column":3},"end":{"line":100,"column":103}},"31":{"start":{"line":101,"column":28},"end":{"line":101,"column":71}},"32":{"start":{"line":102,"column":24},"end":{"line":102,"column":63}}},"fnMap":{"0":{"name":"(anonymous_0)","decl":{"start":{"line":14,"column":1},"end":{"line":14,"column":2}},"loc":{"start":{"line":14,"column":21},"end":{"line":26,"column":2}},"line":14},"1":{"name":"(anonymous_1)","decl":{"start":{"line":28,"column":31},"end":{"line":28,"column":32}},"loc":{"start":{"line":28,"column":37},"end":{"line":34,"column":2}},"line":28},"2":{"name":"(anonymous_2)","decl":{"start":{"line":36,"column":34},"end":{"line":36,"column":35}},"loc":{"start":{"line":36,"column":40},"end":{"line":39,"column":2}},"line":36},"3":{"name":"(anonymous_3)","decl":{"start":{"line":41,"column":1},"end":{"line":41,"column":2}},"loc":{"start":{"line":41,"column":10},"end":{"line":83,"column":2}},"line":41},"4":{"name":"(anonymous_4)","decl":{"start":{"line":56,"column":15},"end":{"line":56,"column":16}},"loc":{"start":{"line":56,"column":26},"end":{"line":56,"column":70}},"line":56},"5":{"name":"(anonymous_5)","decl":{"start":{"line":60,"column":14},"end":{"line":60,"column":15}},"loc":{"start":{"line":60,"column":25},"end":{"line":60,"column":71}},"line":60},"6":{"name":"(anonymous_6)","decl":{"start":{"line":65,"column":13},"end":{"line":65,"column":14}},"loc":{"start":{"line":65,"column":19},"end":{"line":65,"column":53}},"line":65},"7":{"name":"(anonymous_7)","decl":{"start":{"line":69,"column":13},"end":{"line":69,"column":14}},"loc":{"start":{"line":69,"column":19},"end":{"line":69,"column":56}},"line":69},"8":{"name":"(anonymous_8)","decl":{"start":{"line":74,"column":13},"end":{"line":74,"column":14}},"loc":{"start":{"line":74,"column":19},"end":{"line":74,"column":51}},"line":74},"9":{"name":"(anonymous_9)","decl":{"start":{"line":78,"column":13},"end":{"line":78,"column":14}},"loc":{"start":{"line":78,"column":19},"end":{"line":78,"column":52}},"line":78},"10":{"name":"(anonymous_10)","decl":{"start":{"line":87,"column":24},"end":{"line":87,"column":25}},"loc":{"start":{"line":87,"column":33},"end":{"line":94,"column":1}},"line":87},"11":{"name":"(anonymous_11)","decl":{"start":{"line":96,"column":27},"end":{"line":96,"column":28}},"loc":{"start":{"line":96,"column":39},"end":{"line":105,"column":1}},"line":96},"12":{"name":"(anonymous_12)","decl":{"start":{"line":98,"column":16},"end":{"line":98,"column":17}},"loc":{"start":{"line":98,"column":24},"end":{"line":98,"column":63}},"line":98},"13":{"name":"(anonymous_13)","decl":{"start":{"line":99,"column":18},"end":{"line":99,"column":19}},"loc":{"start":{"line":100,"column":3},"end":{"line":100,"column":103}},"line":100},"14":{"name":"(anonymous_14)","decl":{"start":{"line":101,"column":20},"end":{"line":101,"column":21}},"loc":{"start":{"line":101,"column":28},"end":{"line":101,"column":71}},"line":101},"15":{"name":"(anonymous_15)","decl":{"start":{"line":102,"column":18},"end":{"line":102,"column":19}},"loc":{"start":{"line":102,"column":24},"end":{"line":102,"column":63}},"line":102}},"branchMap":{"0":{"loc":{"start":{"line":16,"column":2},"end":{"line":16,"column":55}},"type":"if","locations":[{"start":{"line":16,"column":2},"end":{"line":16,"column":55}},{"start":{"line":16,"column":2},"end":{"line":16,"column":55}}],"line":16},"1":{"loc":{"start":{"line":18,"column":2},"end":{"line":18,"column":62}},"type":"if","locations":[{"start":{"line":18,"column":2},"end":{"line":18,"column":62}},{"start":{"line":18,"column":2},"end":{"line":18,"column":62}}],"line":18},"2":{"loc":{"start":{"line":19,"column":2},"end":{"line":25,"column":3}},"type":"if","locations":[{"start":{"line":19,"column":2},"end":{"line":25,"column":3}},{"start":{"line":19,"column":2},"end":{"line":25,"column":3}}],"line":19},"3":{"loc":{"start":{"line":29,"column":2},"end":{"line":33,"column":35}},"type":"if","locations":[{"start":{"line":29,"column":2},"end":{"line":33,"column":35}},{"start":{"line":29,"column":2},"end":{"line":33,"column":35}}],"line":29},"4":{"loc":{"start":{"line":29,"column":5},"end":{"line":29,"column":119}},"type":"binary-expr","locations":[{"start":{"line":29,"column":5},"end":{"line":29,"column":58}},{"start":{"line":29,"column":62},"end":{"line":29,"column":119}}],"line":29},"5":{"loc":{"start":{"line":31,"column":3},"end":{"line":31,"column":40}},"type":"if","locations":[{"start":{"line":31,"column":3},"end":{"line":31,"column":40}},{"start":{"line":31,"column":3},"end":{"line":31,"column":40}}],"line":31},"6":{"loc":{"start":{"line":44,"column":4},"end":{"line":62,"column":9}},"type":"cond-expr","locations":[{"start":{"line":45,"column":3},"end":{"line":49,"column":5}},{"start":{"line":50,"column":3},"end":{"line":62,"column":9}}],"line":44},"7":{"loc":{"start":{"line":46,"column":13},"end":{"line":46,"column":83}},"type":"cond-expr","locations":[{"start":{"line":46,"column":37},"end":{"line":46,"column":78}},{"start":{"line":46,"column":81},"end":{"line":46,"column":83}}],"line":46},"8":{"loc":{"start":{"line":70,"column":14},"end":{"line":70,"column":72}},"type":"cond-expr","locations":[{"start":{"line":70,"column":57},"end":{"line":70,"column":59}},{"start":{"line":70,"column":62},"end":{"line":70,"column":72}}],"line":70},"9":{"loc":{"start":{"line":70,"column":15},"end":{"line":70,"column":53}},"type":"binary-expr","locations":[{"start":{"line":70,"column":15},"end":{"line":70,"column":33}},{"start":{"line":70,"column":37},"end":{"line":70,"column":53}}],"line":70}},"s":{"0":0,"1":0,"2":0,"3":0,"4":0,"5":0,"6":0,"7":0,"8":0,"9":0,"10":0,"11":0,"12":0,"13":0,"14":0,"15":0,"16":0,"17":0,"18":0,"19":0,"20":0,"21":0,"22":0,"23":0,"24":0,"25":1,"26":0,"27":1,"28":0,"29":0,"30":0,"31":0,"32":0},"f":{"0":0,"1":0,"2":0,"3":0,"4":0,"5":0,"6":0,"7":0,"8":0,"9":0,"10":0,"11":0,"12":0,"13":0,"14":0,"15":0},"b":{"0":[0,0],"1":[0,0],"2":[0,0],"3":[0,0],"4":[0,0],"5":[0,0],"6":[0,0],"7":[0,0],"8":[0,0],"9":[0,0]},"_coverageSchema":"43e27e138ebf9cfc5966b082cf9a028302ed4184","hash":"1036cf063d2bfb476655a5446ca05f2cdf1b639e"}
,"/Users/wooyomac/2020-2/myswpp/swpp-hw3-wooong210/src/containers/Articles/NewArticle/NewArticle.js": {"path":"/Users/wooyomac/2020-2/myswpp/swpp-hw3-wooong210/src/containers/Articles/NewArticle/NewArticle.js","statementMap":{"0":{"start":{"line":8,"column":9},"end":{"line":13,"column":2}},"1":{"start":{"line":16,"column":2},"end":{"line":16,"column":33}},"2":{"start":{"line":17,"column":2},"end":{"line":17,"column":62}},"3":{"start":{"line":17,"column":28},"end":{"line":17,"column":62}},"4":{"start":{"line":18,"column":2},"end":{"line":18,"column":55}},"5":{"start":{"line":18,"column":27},"end":{"line":18,"column":55}},"6":{"start":{"line":19,"column":2},"end":{"line":19,"column":51}},"7":{"start":{"line":22,"column":33},"end":{"line":24,"column":2}},"8":{"start":{"line":23,"column":2},"end":{"line":23,"column":39}},"9":{"start":{"line":26,"column":36},"end":{"line":30,"column":2}},"10":{"start":{"line":27,"column":15},"end":{"line":27,"column":104}},"11":{"start":{"line":28,"column":2},"end":{"line":28,"column":70}},"12":{"start":{"line":29,"column":2},"end":{"line":29,"column":21}},"13":{"start":{"line":32,"column":26},"end":{"line":36,"column":2}},"14":{"start":{"line":33,"column":2},"end":{"line":35,"column":5}},"15":{"start":{"line":39,"column":2},"end":{"line":81,"column":4}},"16":{"start":{"line":53,"column":26},"end":{"line":53,"column":70}},"17":{"start":{"line":59,"column":26},"end":{"line":59,"column":72}},"18":{"start":{"line":64,"column":19},"end":{"line":64,"column":55}},"19":{"start":{"line":68,"column":19},"end":{"line":68,"column":58}},"20":{"start":{"line":73,"column":19},"end":{"line":73,"column":48}},"21":{"start":{"line":77,"column":19},"end":{"line":77,"column":52}},"22":{"start":{"line":85,"column":24},"end":{"line":92,"column":1}},"23":{"start":{"line":86,"column":1},"end":{"line":91,"column":3}},"24":{"start":{"line":94,"column":27},"end":{"line":102,"column":1}},"25":{"start":{"line":95,"column":1},"end":{"line":101,"column":3}},"26":{"start":{"line":97,"column":3},"end":{"line":97,"column":95}},"27":{"start":{"line":98,"column":28},"end":{"line":98,"column":71}},"28":{"start":{"line":99,"column":24},"end":{"line":99,"column":63}}},"fnMap":{"0":{"name":"(anonymous_0)","decl":{"start":{"line":15,"column":1},"end":{"line":15,"column":2}},"loc":{"start":{"line":15,"column":21},"end":{"line":20,"column":2}},"line":15},"1":{"name":"(anonymous_1)","decl":{"start":{"line":22,"column":33},"end":{"line":22,"column":34}},"loc":{"start":{"line":22,"column":39},"end":{"line":24,"column":2}},"line":22},"2":{"name":"(anonymous_2)","decl":{"start":{"line":26,"column":36},"end":{"line":26,"column":37}},"loc":{"start":{"line":26,"column":42},"end":{"line":30,"column":2}},"line":26},"3":{"name":"(anonymous_3)","decl":{"start":{"line":32,"column":26},"end":{"line":32,"column":27}},"loc":{"start":{"line":32,"column":32},"end":{"line":36,"column":2}},"line":32},"4":{"name":"(anonymous_4)","decl":{"start":{"line":38,"column":1},"end":{"line":38,"column":2}},"loc":{"start":{"line":38,"column":10},"end":{"line":82,"column":2}},"line":38},"5":{"name":"(anonymous_5)","decl":{"start":{"line":53,"column":15},"end":{"line":53,"column":16}},"loc":{"start":{"line":53,"column":26},"end":{"line":53,"column":70}},"line":53},"6":{"name":"(anonymous_6)","decl":{"start":{"line":59,"column":15},"end":{"line":59,"column":16}},"loc":{"start":{"line":59,"column":26},"end":{"line":59,"column":72}},"line":59},"7":{"name":"(anonymous_7)","decl":{"start":{"line":64,"column":13},"end":{"line":64,"column":14}},"loc":{"start":{"line":64,"column":19},"end":{"line":64,"column":55}},"line":64},"8":{"name":"(anonymous_8)","decl":{"start":{"line":68,"column":13},"end":{"line":68,"column":14}},"loc":{"start":{"line":68,"column":19},"end":{"line":68,"column":58}},"line":68},"9":{"name":"(anonymous_9)","decl":{"start":{"line":73,"column":13},"end":{"line":73,"column":14}},"loc":{"start":{"line":73,"column":19},"end":{"line":73,"column":48}},"line":73},"10":{"name":"(anonymous_10)","decl":{"start":{"line":77,"column":13},"end":{"line":77,"column":14}},"loc":{"start":{"line":77,"column":19},"end":{"line":77,"column":52}},"line":77},"11":{"name":"(anonymous_11)","decl":{"start":{"line":85,"column":24},"end":{"line":85,"column":25}},"loc":{"start":{"line":85,"column":33},"end":{"line":92,"column":1}},"line":85},"12":{"name":"(anonymous_12)","decl":{"start":{"line":94,"column":27},"end":{"line":94,"column":28}},"loc":{"start":{"line":94,"column":39},"end":{"line":102,"column":1}},"line":94},"13":{"name":"(anonymous_13)","decl":{"start":{"line":96,"column":18},"end":{"line":96,"column":19}},"loc":{"start":{"line":97,"column":3},"end":{"line":97,"column":95}},"line":97},"14":{"name":"(anonymous_14)","decl":{"start":{"line":98,"column":20},"end":{"line":98,"column":21}},"loc":{"start":{"line":98,"column":28},"end":{"line":98,"column":71}},"line":98},"15":{"name":"(anonymous_15)","decl":{"start":{"line":99,"column":18},"end":{"line":99,"column":19}},"loc":{"start":{"line":99,"column":24},"end":{"line":99,"column":63}},"line":99}},"branchMap":{"0":{"loc":{"start":{"line":17,"column":2},"end":{"line":17,"column":62}},"type":"if","locations":[{"start":{"line":17,"column":2},"end":{"line":17,"column":62}},{"start":{"line":17,"column":2},"end":{"line":17,"column":62}}],"line":17},"1":{"loc":{"start":{"line":18,"column":2},"end":{"line":18,"column":55}},"type":"if","locations":[{"start":{"line":18,"column":2},"end":{"line":18,"column":55}},{"start":{"line":18,"column":2},"end":{"line":18,"column":55}}],"line":18},"2":{"loc":{"start":{"line":41,"column":4},"end":{"line":61,"column":9}},"type":"cond-expr","locations":[{"start":{"line":42,"column":3},"end":{"line":46,"column":5}},{"start":{"line":47,"column":3},"end":{"line":61,"column":9}}],"line":41},"3":{"loc":{"start":{"line":43,"column":13},"end":{"line":43,"column":83}},"type":"cond-expr","locations":[{"start":{"line":43,"column":37},"end":{"line":43,"column":78}},{"start":{"line":43,"column":81},"end":{"line":43,"column":83}}],"line":43},"4":{"loc":{"start":{"line":69,"column":14},"end":{"line":69,"column":72}},"type":"cond-expr","locations":[{"start":{"line":69,"column":57},"end":{"line":69,"column":59}},{"start":{"line":69,"column":62},"end":{"line":69,"column":72}}],"line":69},"5":{"loc":{"start":{"line":69,"column":15},"end":{"line":69,"column":53}},"type":"binary-expr","locations":[{"start":{"line":69,"column":15},"end":{"line":69,"column":33}},{"start":{"line":69,"column":37},"end":{"line":69,"column":53}}],"line":69}},"s":{"0":0,"1":0,"2":0,"3":0,"4":0,"5":0,"6":0,"7":0,"8":0,"9":0,"10":0,"11":0,"12":0,"13":0,"14":0,"15":0,"16":0,"17":0,"18":0,"19":0,"20":0,"21":0,"22":1,"23":0,"24":1,"25":0,"26":0,"27":0,"28":0},"f":{"0":0,"1":0,"2":0,"3":0,"4":0,"5":0,"6":0,"7":0,"8":0,"9":0,"10":0,"11":0,"12":0,"13":0,"14":0,"15":0},"b":{"0":[0,0],"1":[0,0],"2":[0,0],"3":[0,0],"4":[0,0],"5":[0,0]},"_coverageSchema":"43e27e138ebf9cfc5966b082cf9a028302ed4184","hash":"0025baa7d7f56a1ee2829f5feef5ad7077f2097f"}
,"/Users/wooyomac/2020-2/myswpp/swpp-hw3-wooong210/src/containers/Login/Login.js": {"path":"/Users/wooyomac/2020-2/myswpp/swpp-hw3-wooong210/src/containers/Login/Login.js","statementMap":{"0":{"start":{"line":6,"column":9},"end":{"line":9,"column":2}},"1":{"start":{"line":12,"column":2},"end":{"line":12,"column":33}},"2":{"start":{"line":13,"column":2},"end":{"line":13,"column":55}},"3":{"start":{"line":13,"column":27},"end":{"line":13,"column":55}},"4":{"start":{"line":17,"column":2},"end":{"line":18,"column":40}},"5":{"start":{"line":18,"column":3},"end":{"line":18,"column":40}},"6":{"start":{"line":21,"column":21},"end":{"line":31,"column":2}},"7":{"start":{"line":22,"column":15},"end":{"line":22,"column":73}},"8":{"start":{"line":23,"column":2},"end":{"line":30,"column":3}},"9":{"start":{"line":24,"column":3},"end":{"line":24,"column":24}},"10":{"start":{"line":25,"column":3},"end":{"line":25,"column":40}},"11":{"start":{"line":28,"column":3},"end":{"line":28,"column":39}},"12":{"start":{"line":29,"column":3},"end":{"line":29,"column":46}},"13":{"start":{"line":35,"column":2},"end":{"line":58,"column":4}},"14":{"start":{"line":44,"column":26},"end":{"line":44,"column":70}},"15":{"start":{"line":53,"column":26},"end":{"line":53,"column":73}},"16":{"start":{"line":56,"column":69},"end":{"line":56,"column":93}},"17":{"start":{"line":62,"column":24},"end":{"line":68,"column":1}},"18":{"start":{"line":63,"column":1},"end":{"line":67,"column":3}},"19":{"start":{"line":70,"column":27},"end":{"line":77,"column":1}},"20":{"start":{"line":71,"column":1},"end":{"line":76,"column":3}},"21":{"start":{"line":72,"column":17},"end":{"line":72,"column":54}},"22":{"start":{"line":73,"column":28},"end":{"line":73,"column":71}},"23":{"start":{"line":74,"column":24},"end":{"line":74,"column":63}}},"fnMap":{"0":{"name":"(anonymous_0)","decl":{"start":{"line":11,"column":1},"end":{"line":11,"column":2}},"loc":{"start":{"line":11,"column":21},"end":{"line":14,"column":2}},"line":11},"1":{"name":"(anonymous_1)","decl":{"start":{"line":16,"column":1},"end":{"line":16,"column":2}},"loc":{"start":{"line":16,"column":22},"end":{"line":19,"column":2}},"line":16},"2":{"name":"(anonymous_2)","decl":{"start":{"line":21,"column":21},"end":{"line":21,"column":22}},"loc":{"start":{"line":21,"column":27},"end":{"line":31,"column":2}},"line":21},"3":{"name":"(anonymous_3)","decl":{"start":{"line":33,"column":1},"end":{"line":33,"column":2}},"loc":{"start":{"line":33,"column":9},"end":{"line":59,"column":2}},"line":33},"4":{"name":"(anonymous_4)","decl":{"start":{"line":44,"column":15},"end":{"line":44,"column":16}},"loc":{"start":{"line":44,"column":26},"end":{"line":44,"column":70}},"line":44},"5":{"name":"(anonymous_5)","decl":{"start":{"line":53,"column":15},"end":{"line":53,"column":16}},"loc":{"start":{"line":53,"column":26},"end":{"line":53,"column":73}},"line":53},"6":{"name":"(anonymous_6)","decl":{"start":{"line":56,"column":63},"end":{"line":56,"column":64}},"loc":{"start":{"line":56,"column":69},"end":{"line":56,"column":93}},"line":56},"7":{"name":"(anonymous_7)","decl":{"start":{"line":62,"column":24},"end":{"line":62,"column":25}},"loc":{"start":{"line":62,"column":33},"end":{"line":68,"column":1}},"line":62},"8":{"name":"(anonymous_8)","decl":{"start":{"line":70,"column":27},"end":{"line":70,"column":28}},"loc":{"start":{"line":70,"column":39},"end":{"line":77,"column":1}},"line":70},"9":{"name":"(anonymous_9)","decl":{"start":{"line":72,"column":11},"end":{"line":72,"column":12}},"loc":{"start":{"line":72,"column":17},"end":{"line":72,"column":54}},"line":72},"10":{"name":"(anonymous_10)","decl":{"start":{"line":73,"column":20},"end":{"line":73,"column":21}},"loc":{"start":{"line":73,"column":28},"end":{"line":73,"column":71}},"line":73},"11":{"name":"(anonymous_11)","decl":{"start":{"line":74,"column":18},"end":{"line":74,"column":19}},"loc":{"start":{"line":74,"column":24},"end":{"line":74,"column":63}},"line":74}},"branchMap":{"0":{"loc":{"start":{"line":13,"column":2},"end":{"line":13,"column":55}},"type":"if","locations":[{"start":{"line":13,"column":2},"end":{"line":13,"column":55}},{"start":{"line":13,"column":2},"end":{"line":13,"column":55}}],"line":13},"1":{"loc":{"start":{"line":17,"column":2},"end":{"line":18,"column":40}},"type":"if","locations":[{"start":{"line":17,"column":2},"end":{"line":18,"column":40}},{"start":{"line":17,"column":2},"end":{"line":18,"column":40}}],"line":17},"2":{"loc":{"start":{"line":23,"column":2},"end":{"line":30,"column":3}},"type":"if","locations":[{"start":{"line":23,"column":2},"end":{"line":30,"column":3}},{"start":{"line":23,"column":2},"end":{"line":30,"column":3}}],"line":23},"3":{"loc":{"start":{"line":23,"column":6},"end":{"line":23,"column":69}},"type":"binary-expr","locations":[{"start":{"line":23,"column":6},"end":{"line":23,"column":37}},{"start":{"line":23,"column":41},"end":{"line":23,"column":69}}],"line":23}},"s":{"0":1,"1":1,"2":1,"3":1,"4":0,"5":0,"6":1,"7":0,"8":0,"9":0,"10":0,"11":0,"12":0,"13":1,"14":0,"15":0,"16":0,"17":1,"18":2,"19":1,"20":1,"21":0,"22":1,"23":1},"f":{"0":1,"1":0,"2":0,"3":1,"4":0,"5":0,"6":0,"7":2,"8":1,"9":0,"10":1,"11":1},"b":{"0":[1,0],"1":[0,0],"2":[0,0],"3":[0,0]},"_coverageSchema":"43e27e138ebf9cfc5966b082cf9a028302ed4184","hash":"2ae1314ffe3c9f0862642df174e7daa6c61fcdf2"}
,"/Users/wooyomac/2020-2/myswpp/swpp-hw3-wooong210/src/store/store.js": {"path":"/Users/wooyomac/2020-2/myswpp/swpp-hw3-wooong210/src/store/store.js","statementMap":{"0":{"start":{"line":10,"column":23},"end":{"line":10,"column":45}},"1":{"start":{"line":12,"column":20},"end":{"line":17,"column":2}},"2":{"start":{"line":18,"column":27},"end":{"line":18,"column":61}},"3":{"start":{"line":20,"column":25},"end":{"line":20,"column":79}},"4":{"start":{"line":21,"column":14},"end":{"line":23,"column":37}}},"fnMap":{},"branchMap":{"0":{"loc":{"start":{"line":20,"column":25},"end":{"line":20,"column":79}},"type":"binary-expr","locations":[{"start":{"line":20,"column":25},"end":{"line":20,"column":68}},{"start":{"line":20,"column":72},"end":{"line":20,"column":79}}],"line":20}},"s":{"0":3,"1":3,"2":3,"3":3,"4":3},"f":{},"b":{"0":[3,3]},"_coverageSchema":"43e27e138ebf9cfc5966b082cf9a028302ed4184","hash":"9eec781fbeefbe95a10ce1cdc2560dea7848962d"}
,"/Users/wooyomac/2020-2/myswpp/swpp-hw3-wooong210/src/store/actions/actionTypes.js": {"path":"/Users/wooyomac/2020-2/myswpp/swpp-hw3-wooong210/src/store/actions/actionTypes.js","statementMap":{"0":{"start":{"line":2,"column":23},"end":{"line":2,"column":32}},"1":{"start":{"line":3,"column":27},"end":{"line":3,"column":40}},"2":{"start":{"line":4,"column":27},"end":{"line":4,"column":40}},"3":{"start":{"line":5,"column":28},"end":{"line":5,"column":42}},"4":{"start":{"line":6,"column":30},"end":{"line":6,"column":46}},"5":{"start":{"line":9,"column":31},"end":{"line":9,"column":48}},"6":{"start":{"line":10,"column":27},"end":{"line":10,"column":40}},"7":{"start":{"line":11,"column":27},"end":{"line":11,"column":40}},"8":{"start":{"line":12,"column":28},"end":{"line":12,"column":42}},"9":{"start":{"line":13,"column":30},"end":{"line":13,"column":46}},"10":{"start":{"line":16,"column":21},"end":{"line":16,"column":28}},"11":{"start":{"line":17,"column":22},"end":{"line":17,"column":30}},"12":{"start":{"line":18,"column":27},"end":{"line":18,"column":40}},"13":{"start":{"line":19,"column":30},"end":{"line":19,"column":46}}},"fnMap":{},"branchMap":{},"s":{"0":3,"1":3,"2":3,"3":3,"4":3,"5":3,"6":3,"7":3,"8":3,"9":3,"10":3,"11":3,"12":3,"13":3},"f":{},"b":{},"_coverageSchema":"43e27e138ebf9cfc5966b082cf9a028302ed4184","hash":"d0e0fc365d8761dbf7d20d97178adb516590a1d0"}
,"/Users/wooyomac/2020-2/myswpp/swpp-hw3-wooong210/src/store/actions/blog.js": {"path":"/Users/wooyomac/2020-2/myswpp/swpp-hw3-wooong210/src/store/actions/blog.js","statementMap":{"0":{"start":{"line":5,"column":28},"end":{"line":7,"column":1}},"1":{"start":{"line":6,"column":1},"end":{"line":6,"column":57}},"2":{"start":{"line":9,"column":27},"end":{"line":15,"column":1}},"3":{"start":{"line":10,"column":1},"end":{"line":14,"column":4}},"4":{"start":{"line":11,"column":2},"end":{"line":13,"column":53}},"5":{"start":{"line":12,"column":16},"end":{"line":12,"column":48}},"6":{"start":{"line":13,"column":19},"end":{"line":13,"column":51}},"7":{"start":{"line":17,"column":28},"end":{"line":25,"column":1}},"8":{"start":{"line":18,"column":1},"end":{"line":24,"column":3}},"9":{"start":{"line":27,"column":27},"end":{"line":36,"column":1}},"10":{"start":{"line":28,"column":1},"end":{"line":35,"column":3}},"11":{"start":{"line":29,"column":2},"end":{"line":34,"column":53}},"12":{"start":{"line":31,"column":4},"end":{"line":31,"column":37}},"13":{"start":{"line":32,"column":4},"end":{"line":32,"column":47}},"14":{"start":{"line":34,"column":19},"end":{"line":34,"column":51}},"15":{"start":{"line":38,"column":27},"end":{"line":43,"column":1}},"16":{"start":{"line":39,"column":1},"end":{"line":42,"column":3}},"17":{"start":{"line":45,"column":26},"end":{"line":51,"column":1}},"18":{"start":{"line":46,"column":1},"end":{"line":50,"column":3}},"19":{"start":{"line":47,"column":2},"end":{"line":49,"column":53}},"20":{"start":{"line":48,"column":16},"end":{"line":48,"column":47}},"21":{"start":{"line":49,"column":19},"end":{"line":49,"column":51}},"22":{"start":{"line":53,"column":28},"end":{"line":61,"column":1}},"23":{"start":{"line":54,"column":1},"end":{"line":60,"column":3}},"24":{"start":{"line":63,"column":27},"end":{"line":72,"column":1}},"25":{"start":{"line":64,"column":1},"end":{"line":71,"column":2}},"26":{"start":{"line":65,"column":2},"end":{"line":70,"column":53}},"27":{"start":{"line":67,"column":4},"end":{"line":67,"column":37}},"28":{"start":{"line":68,"column":4},"end":{"line":68,"column":47}},"29":{"start":{"line":70,"column":19},"end":{"line":70,"column":51}},"30":{"start":{"line":75,"column":30},"end":{"line":80,"column":1}},"31":{"start":{"line":76,"column":1},"end":{"line":79,"column":3}},"32":{"start":{"line":82,"column":29},"end":{"line":87,"column":1}},"33":{"start":{"line":83,"column":1},"end":{"line":86,"column":3}},"34":{"start":{"line":84,"column":2},"end":{"line":85,"column":49}},"35":{"start":{"line":85,"column":17},"end":{"line":85,"column":45}}},"fnMap":{"0":{"name":"(anonymous_0)","decl":{"start":{"line":5,"column":28},"end":{"line":5,"column":29}},"loc":{"start":{"line":5,"column":42},"end":{"line":7,"column":1}},"line":5},"1":{"name":"(anonymous_1)","decl":{"start":{"line":9,"column":27},"end":{"line":9,"column":28}},"loc":{"start":{"line":9,"column":33},"end":{"line":15,"column":1}},"line":9},"2":{"name":"(anonymous_2)","decl":{"start":{"line":10,"column":8},"end":{"line":10,"column":9}},"loc":{"start":{"line":10,"column":22},"end":{"line":14,"column":3}},"line":10},"3":{"name":"(anonymous_3)","decl":{"start":{"line":12,"column":9},"end":{"line":12,"column":10}},"loc":{"start":{"line":12,"column":16},"end":{"line":12,"column":48}},"line":12},"4":{"name":"(anonymous_4)","decl":{"start":{"line":13,"column":10},"end":{"line":13,"column":11}},"loc":{"start":{"line":13,"column":19},"end":{"line":13,"column":51}},"line":13},"5":{"name":"(anonymous_5)","decl":{"start":{"line":17,"column":28},"end":{"line":17,"column":29}},"loc":{"start":{"line":17,"column":37},"end":{"line":25,"column":1}},"line":17},"6":{"name":"(anonymous_6)","decl":{"start":{"line":27,"column":27},"end":{"line":27,"column":28}},"loc":{"start":{"line":27,"column":36},"end":{"line":36,"column":1}},"line":27},"7":{"name":"(anonymous_7)","decl":{"start":{"line":28,"column":8},"end":{"line":28,"column":9}},"loc":{"start":{"line":28,"column":22},"end":{"line":35,"column":2}},"line":28},"8":{"name":"(anonymous_8)","decl":{"start":{"line":30,"column":9},"end":{"line":30,"column":10}},"loc":{"start":{"line":30,"column":16},"end":{"line":33,"column":4}},"line":30},"9":{"name":"(anonymous_9)","decl":{"start":{"line":34,"column":10},"end":{"line":34,"column":11}},"loc":{"start":{"line":34,"column":19},"end":{"line":34,"column":51}},"line":34},"10":{"name":"(anonymous_10)","decl":{"start":{"line":38,"column":27},"end":{"line":38,"column":28}},"loc":{"start":{"line":38,"column":36},"end":{"line":43,"column":1}},"line":38},"11":{"name":"(anonymous_11)","decl":{"start":{"line":45,"column":26},"end":{"line":45,"column":27}},"loc":{"start":{"line":45,"column":34},"end":{"line":51,"column":1}},"line":45},"12":{"name":"(anonymous_12)","decl":{"start":{"line":46,"column":8},"end":{"line":46,"column":9}},"loc":{"start":{"line":46,"column":22},"end":{"line":50,"column":2}},"line":46},"13":{"name":"(anonymous_13)","decl":{"start":{"line":48,"column":9},"end":{"line":48,"column":10}},"loc":{"start":{"line":48,"column":16},"end":{"line":48,"column":47}},"line":48},"14":{"name":"(anonymous_14)","decl":{"start":{"line":49,"column":10},"end":{"line":49,"column":11}},"loc":{"start":{"line":49,"column":19},"end":{"line":49,"column":51}},"line":49},"15":{"name":"(anonymous_15)","decl":{"start":{"line":53,"column":28},"end":{"line":53,"column":29}},"loc":{"start":{"line":53,"column":37},"end":{"line":61,"column":1}},"line":53},"16":{"name":"(anonymous_16)","decl":{"start":{"line":63,"column":27},"end":{"line":63,"column":28}},"loc":{"start":{"line":63,"column":36},"end":{"line":72,"column":1}},"line":63},"17":{"name":"(anonymous_17)","decl":{"start":{"line":64,"column":8},"end":{"line":64,"column":9}},"loc":{"start":{"line":64,"column":22},"end":{"line":71,"column":2}},"line":64},"18":{"name":"(anonymous_18)","decl":{"start":{"line":66,"column":9},"end":{"line":66,"column":10}},"loc":{"start":{"line":66,"column":16},"end":{"line":69,"column":4}},"line":66},"19":{"name":"(anonymous_19)","decl":{"start":{"line":70,"column":10},"end":{"line":70,"column":11}},"loc":{"start":{"line":70,"column":19},"end":{"line":70,"column":51}},"line":70},"20":{"name":"(anonymous_20)","decl":{"start":{"line":75,"column":30},"end":{"line":75,"column":31}},"loc":{"start":{"line":75,"column":38},"end":{"line":80,"column":1}},"line":75},"21":{"name":"(anonymous_21)","decl":{"start":{"line":82,"column":29},"end":{"line":82,"column":30}},"loc":{"start":{"line":82,"column":37},"end":{"line":87,"column":1}},"line":82},"22":{"name":"(anonymous_22)","decl":{"start":{"line":83,"column":8},"end":{"line":83,"column":9}},"loc":{"start":{"line":83,"column":22},"end":{"line":86,"column":2}},"line":83},"23":{"name":"(anonymous_23)","decl":{"start":{"line":85,"column":9},"end":{"line":85,"column":10}},"loc":{"start":{"line":85,"column":15},"end":{"line":85,"column":47}},"line":85}},"branchMap":{},"s":{"0":3,"1":0,"2":3,"3":1,"4":1,"5":0,"6":0,"7":3,"8":0,"9":3,"10":0,"11":0,"12":0,"13":0,"14":0,"15":3,"16":0,"17":3,"18":0,"19":0,"20":0,"21":0,"22":3,"23":0,"24":3,"25":0,"26":0,"27":0,"28":0,"29":0,"30":3,"31":0,"32":3,"33":0,"34":0,"35":0},"f":{"0":0,"1":1,"2":1,"3":0,"4":0,"5":0,"6":0,"7":0,"8":0,"9":0,"10":0,"11":0,"12":0,"13":0,"14":0,"15":0,"16":0,"17":0,"18":0,"19":0,"20":0,"21":0,"22":0,"23":0},"b":{},"_coverageSchema":"43e27e138ebf9cfc5966b082cf9a028302ed4184","hash":"4d323aa2c4611fcbbcb5b2f4b4e90c769070b0be"}
,"/Users/wooyomac/2020-2/myswpp/swpp-hw3-wooong210/src/store/actions/comments.js": {"path":"/Users/wooyomac/2020-2/myswpp/swpp-hw3-wooong210/src/store/actions/comments.js","statementMap":{"0":{"start":{"line":4,"column":28},"end":{"line":6,"column":1}},"1":{"start":{"line":5,"column":1},"end":{"line":5,"column":65}},"2":{"start":{"line":8,"column":27},"end":{"line":14,"column":1}},"3":{"start":{"line":9,"column":1},"end":{"line":13,"column":4}},"4":{"start":{"line":10,"column":2},"end":{"line":12,"column":53}},"5":{"start":{"line":11,"column":16},"end":{"line":11,"column":48}},"6":{"start":{"line":12,"column":19},"end":{"line":12,"column":51}},"7":{"start":{"line":16,"column":28},"end":{"line":24,"column":1}},"8":{"start":{"line":17,"column":1},"end":{"line":23,"column":3}},"9":{"start":{"line":26,"column":27},"end":{"line":32,"column":1}},"10":{"start":{"line":27,"column":1},"end":{"line":31,"column":3}},"11":{"start":{"line":28,"column":2},"end":{"line":30,"column":53}},"12":{"start":{"line":29,"column":16},"end":{"line":29,"column":48}},"13":{"start":{"line":30,"column":19},"end":{"line":30,"column":51}},"14":{"start":{"line":34,"column":27},"end":{"line":39,"column":1}},"15":{"start":{"line":35,"column":1},"end":{"line":38,"column":3}},"16":{"start":{"line":41,"column":26},"end":{"line":47,"column":1}},"17":{"start":{"line":42,"column":1},"end":{"line":46,"column":3}},"18":{"start":{"line":43,"column":2},"end":{"line":45,"column":53}},"19":{"start":{"line":44,"column":16},"end":{"line":44,"column":47}},"20":{"start":{"line":45,"column":19},"end":{"line":45,"column":51}},"21":{"start":{"line":49,"column":28},"end":{"line":57,"column":1}},"22":{"start":{"line":50,"column":1},"end":{"line":56,"column":3}},"23":{"start":{"line":59,"column":27},"end":{"line":65,"column":1}},"24":{"start":{"line":60,"column":1},"end":{"line":64,"column":2}},"25":{"start":{"line":61,"column":2},"end":{"line":63,"column":53}},"26":{"start":{"line":62,"column":16},"end":{"line":62,"column":48}},"27":{"start":{"line":63,"column":19},"end":{"line":63,"column":51}},"28":{"start":{"line":68,"column":30},"end":{"line":73,"column":1}},"29":{"start":{"line":69,"column":1},"end":{"line":72,"column":3}},"30":{"start":{"line":75,"column":29},"end":{"line":80,"column":1}},"31":{"start":{"line":76,"column":1},"end":{"line":79,"column":3}},"32":{"start":{"line":77,"column":2},"end":{"line":78,"column":49}},"33":{"start":{"line":78,"column":17},"end":{"line":78,"column":45}}},"fnMap":{"0":{"name":"(anonymous_0)","decl":{"start":{"line":4,"column":28},"end":{"line":4,"column":29}},"loc":{"start":{"line":4,"column":42},"end":{"line":6,"column":1}},"line":4},"1":{"name":"(anonymous_1)","decl":{"start":{"line":8,"column":27},"end":{"line":8,"column":28}},"loc":{"start":{"line":8,"column":33},"end":{"line":14,"column":1}},"line":8},"2":{"name":"(anonymous_2)","decl":{"start":{"line":9,"column":8},"end":{"line":9,"column":9}},"loc":{"start":{"line":9,"column":22},"end":{"line":13,"column":3}},"line":9},"3":{"name":"(anonymous_3)","decl":{"start":{"line":11,"column":9},"end":{"line":11,"column":10}},"loc":{"start":{"line":11,"column":16},"end":{"line":11,"column":48}},"line":11},"4":{"name":"(anonymous_4)","decl":{"start":{"line":12,"column":10},"end":{"line":12,"column":11}},"loc":{"start":{"line":12,"column":19},"end":{"line":12,"column":51}},"line":12},"5":{"name":"(anonymous_5)","decl":{"start":{"line":16,"column":28},"end":{"line":16,"column":29}},"loc":{"start":{"line":16,"column":37},"end":{"line":24,"column":1}},"line":16},"6":{"name":"(anonymous_6)","decl":{"start":{"line":26,"column":27},"end":{"line":26,"column":28}},"loc":{"start":{"line":26,"column":36},"end":{"line":32,"column":1}},"line":26},"7":{"name":"(anonymous_7)","decl":{"start":{"line":27,"column":8},"end":{"line":27,"column":9}},"loc":{"start":{"line":27,"column":22},"end":{"line":31,"column":2}},"line":27},"8":{"name":"(anonymous_8)","decl":{"start":{"line":29,"column":9},"end":{"line":29,"column":10}},"loc":{"start":{"line":29,"column":16},"end":{"line":29,"column":48}},"line":29},"9":{"name":"(anonymous_9)","decl":{"start":{"line":30,"column":10},"end":{"line":30,"column":11}},"loc":{"start":{"line":30,"column":19},"end":{"line":30,"column":51}},"line":30},"10":{"name":"(anonymous_10)","decl":{"start":{"line":34,"column":27},"end":{"line":34,"column":28}},"loc":{"start":{"line":34,"column":36},"end":{"line":39,"column":1}},"line":34},"11":{"name":"(anonymous_11)","decl":{"start":{"line":41,"column":26},"end":{"line":41,"column":27}},"loc":{"start":{"line":41,"column":34},"end":{"line":47,"column":1}},"line":41},"12":{"name":"(anonymous_12)","decl":{"start":{"line":42,"column":8},"end":{"line":42,"column":9}},"loc":{"start":{"line":42,"column":22},"end":{"line":46,"column":2}},"line":42},"13":{"name":"(anonymous_13)","decl":{"start":{"line":44,"column":9},"end":{"line":44,"column":10}},"loc":{"start":{"line":44,"column":16},"end":{"line":44,"column":47}},"line":44},"14":{"name":"(anonymous_14)","decl":{"start":{"line":45,"column":10},"end":{"line":45,"column":11}},"loc":{"start":{"line":45,"column":19},"end":{"line":45,"column":51}},"line":45},"15":{"name":"(anonymous_15)","decl":{"start":{"line":49,"column":28},"end":{"line":49,"column":29}},"loc":{"start":{"line":49,"column":37},"end":{"line":57,"column":1}},"line":49},"16":{"name":"(anonymous_16)","decl":{"start":{"line":59,"column":27},"end":{"line":59,"column":28}},"loc":{"start":{"line":59,"column":36},"end":{"line":65,"column":1}},"line":59},"17":{"name":"(anonymous_17)","decl":{"start":{"line":60,"column":8},"end":{"line":60,"column":9}},"loc":{"start":{"line":60,"column":22},"end":{"line":64,"column":2}},"line":60},"18":{"name":"(anonymous_18)","decl":{"start":{"line":62,"column":9},"end":{"line":62,"column":10}},"loc":{"start":{"line":62,"column":16},"end":{"line":62,"column":48}},"line":62},"19":{"name":"(anonymous_19)","decl":{"start":{"line":63,"column":10},"end":{"line":63,"column":11}},"loc":{"start":{"line":63,"column":19},"end":{"line":63,"column":51}},"line":63},"20":{"name":"(anonymous_20)","decl":{"start":{"line":68,"column":30},"end":{"line":68,"column":31}},"loc":{"start":{"line":68,"column":38},"end":{"line":73,"column":1}},"line":68},"21":{"name":"(anonymous_21)","decl":{"start":{"line":75,"column":29},"end":{"line":75,"column":30}},"loc":{"start":{"line":75,"column":37},"end":{"line":80,"column":1}},"line":75},"22":{"name":"(anonymous_22)","decl":{"start":{"line":76,"column":8},"end":{"line":76,"column":9}},"loc":{"start":{"line":76,"column":22},"end":{"line":79,"column":2}},"line":76},"23":{"name":"(anonymous_23)","decl":{"start":{"line":78,"column":9},"end":{"line":78,"column":10}},"loc":{"start":{"line":78,"column":15},"end":{"line":78,"column":47}},"line":78}},"branchMap":{},"s":{"0":3,"1":0,"2":3,"3":0,"4":0,"5":0,"6":0,"7":3,"8":0,"9":3,"10":0,"11":0,"12":0,"13":0,"14":3,"15":0,"16":3,"17":0,"18":0,"19":0,"20":0,"21":3,"22":0,"23":3,"24":0,"25":0,"26":0,"27":0,"28":3,"29":0,"30":3,"31":0,"32":0,"33":0},"f":{"0":0,"1":0,"2":0,"3":0,"4":0,"5":0,"6":0,"7":0,"8":0,"9":0,"10":0,"11":0,"12":0,"13":0,"14":0,"15":0,"16":0,"17":0,"18":0,"19":0,"20":0,"21":0,"22":0,"23":0},"b":{},"_coverageSchema":"43e27e138ebf9cfc5966b082cf9a028302ed4184","hash":"ff44e1c7c861a366e6629feaa74d429578d3b36b"}
,"/Users/wooyomac/2020-2/myswpp/swpp-hw3-wooong210/src/store/actions/index.js": {"path":"/Users/wooyomac/2020-2/myswpp/swpp-hw3-wooong210/src/store/actions/index.js","statementMap":{},"fnMap":{},"branchMap":{},"s":{},"f":{},"b":{},"_coverageSchema":"43e27e138ebf9cfc5966b082cf9a028302ed4184","hash":"db10c6002e5d36379fee34ddba5d585fa68a11f0"}
,"/Users/wooyomac/2020-2/myswpp/swpp-hw3-wooong210/src/store/actions/user.js": {"path":"/Users/wooyomac/2020-2/myswpp/swpp-hw3-wooong210/src/store/actions/user.js","statementMap":{"0":{"start":{"line":4,"column":26},"end":{"line":9,"column":1}},"1":{"start":{"line":5,"column":1},"end":{"line":8,"column":3}},"2":{"start":{"line":11,"column":25},"end":{"line":16,"column":1}},"3":{"start":{"line":12,"column":1},"end":{"line":15,"column":3}},"4":{"start":{"line":13,"column":2},"end":{"line":14,"column":48}},"5":{"start":{"line":14,"column":18},"end":{"line":14,"column":44}},"6":{"start":{"line":19,"column":27},"end":{"line":23,"column":1}},"7":{"start":{"line":20,"column":1},"end":{"line":22,"column":3}},"8":{"start":{"line":25,"column":26},"end":{"line":30,"column":1}},"9":{"start":{"line":26,"column":1},"end":{"line":29,"column":3}},"10":{"start":{"line":27,"column":2},"end":{"line":28,"column":46}},"11":{"start":{"line":28,"column":18},"end":{"line":28,"column":42}},"12":{"start":{"line":32,"column":31},"end":{"line":39,"column":1}},"13":{"start":{"line":33,"column":1},"end":{"line":38,"column":3}},"14":{"start":{"line":41,"column":30},"end":{"line":46,"column":1}},"15":{"start":{"line":42,"column":1},"end":{"line":45,"column":3}},"16":{"start":{"line":43,"column":2},"end":{"line":44,"column":52}},"17":{"start":{"line":44,"column":15},"end":{"line":44,"column":50}},"18":{"start":{"line":48,"column":29},"end":{"line":53,"column":1}},"19":{"start":{"line":49,"column":1},"end":{"line":52,"column":3}},"20":{"start":{"line":55,"column":28},"end":{"line":60,"column":1}},"21":{"start":{"line":56,"column":1},"end":{"line":59,"column":3}},"22":{"start":{"line":57,"column":2},"end":{"line":58,"column":50}},"23":{"start":{"line":58,"column":15},"end":{"line":58,"column":48}}},"fnMap":{"0":{"name":"(anonymous_0)","decl":{"start":{"line":4,"column":26},"end":{"line":4,"column":27}},"loc":{"start":{"line":4,"column":36},"end":{"line":9,"column":1}},"line":4},"1":{"name":"(anonymous_1)","decl":{"start":{"line":11,"column":25},"end":{"line":11,"column":26}},"loc":{"start":{"line":11,"column":33},"end":{"line":16,"column":1}},"line":11},"2":{"name":"(anonymous_2)","decl":{"start":{"line":12,"column":8},"end":{"line":12,"column":9}},"loc":{"start":{"line":12,"column":22},"end":{"line":15,"column":2}},"line":12},"3":{"name":"(anonymous_3)","decl":{"start":{"line":14,"column":9},"end":{"line":14,"column":10}},"loc":{"start":{"line":14,"column":16},"end":{"line":14,"column":46}},"line":14},"4":{"name":"(anonymous_4)","decl":{"start":{"line":19,"column":27},"end":{"line":19,"column":28}},"loc":{"start":{"line":19,"column":33},"end":{"line":23,"column":1}},"line":19},"5":{"name":"(anonymous_5)","decl":{"start":{"line":25,"column":26},"end":{"line":25,"column":27}},"loc":{"start":{"line":25,"column":34},"end":{"line":30,"column":1}},"line":25},"6":{"name":"(anonymous_6)","decl":{"start":{"line":26,"column":8},"end":{"line":26,"column":9}},"loc":{"start":{"line":26,"column":22},"end":{"line":29,"column":2}},"line":26},"7":{"name":"(anonymous_7)","decl":{"start":{"line":28,"column":9},"end":{"line":28,"column":10}},"loc":{"start":{"line":28,"column":16},"end":{"line":28,"column":44}},"line":28},"8":{"name":"(anonymous_8)","decl":{"start":{"line":32,"column":31},"end":{"line":32,"column":32}},"loc":{"start":{"line":32,"column":41},"end":{"line":39,"column":1}},"line":32},"9":{"name":"(anonymous_9)","decl":{"start":{"line":41,"column":30},"end":{"line":41,"column":31}},"loc":{"start":{"line":41,"column":38},"end":{"line":46,"column":1}},"line":41},"10":{"name":"(anonymous_10)","decl":{"start":{"line":42,"column":8},"end":{"line":42,"column":9}},"loc":{"start":{"line":42,"column":22},"end":{"line":45,"column":2}},"line":42},"11":{"name":"(anonymous_11)","decl":{"start":{"line":44,"column":8},"end":{"line":44,"column":9}},"loc":{"start":{"line":44,"column":15},"end":{"line":44,"column":50}},"line":44},"12":{"name":"(anonymous_12)","decl":{"start":{"line":48,"column":29},"end":{"line":48,"column":30}},"loc":{"start":{"line":48,"column":40},"end":{"line":53,"column":1}},"line":48},"13":{"name":"(anonymous_13)","decl":{"start":{"line":55,"column":28},"end":{"line":55,"column":29}},"loc":{"start":{"line":55,"column":34},"end":{"line":60,"column":1}},"line":55},"14":{"name":"(anonymous_14)","decl":{"start":{"line":56,"column":8},"end":{"line":56,"column":9}},"loc":{"start":{"line":56,"column":22},"end":{"line":59,"column":2}},"line":56},"15":{"name":"(anonymous_15)","decl":{"start":{"line":58,"column":8},"end":{"line":58,"column":9}},"loc":{"start":{"line":58,"column":15},"end":{"line":58,"column":48}},"line":58}},"branchMap":{},"s":{"0":3,"1":0,"2":3,"3":0,"4":0,"5":0,"6":3,"7":0,"8":3,"9":0,"10":0,"11":0,"12":3,"13":0,"14":3,"15":7,"16":7,"17":0,"18":3,"19":0,"20":3,"21":2,"22":2,"23":0},"f":{"0":0,"1":0,"2":0,"3":0,"4":0,"5":0,"6":0,"7":0,"8":0,"9":7,"10":7,"11":0,"12":0,"13":2,"14":2,"15":0},"b":{},"_coverageSchema":"43e27e138ebf9cfc5966b082cf9a028302ed4184","hash":"3f558e37cb1b8a640242f4a2afadea64231c6ba9"}
,"/Users/wooyomac/2020-2/myswpp/swpp-hw3-wooong210/src/store/reducers/blog.js": {"path":"/Users/wooyomac/2020-2/myswpp/swpp-hw3-wooong210/src/store/reducers/blog.js","statementMap":{"0":{"start":{"line":3,"column":21},"end":{"line":7,"column":1}},"1":{"start":{"line":9,"column":16},"end":{"line":48,"column":1}},"2":{"start":{"line":10,"column":1},"end":{"line":46,"column":2}},"3":{"start":{"line":13,"column":3},"end":{"line":13,"column":49}},"4":{"start":{"line":16,"column":3},"end":{"line":16,"column":54}},"5":{"start":{"line":19,"column":22},"end":{"line":24,"column":4}},"6":{"start":{"line":25,"column":3},"end":{"line":25,"column":64}},"7":{"start":{"line":28,"column":23},"end":{"line":33,"column":4}},"8":{"start":{"line":34,"column":21},"end":{"line":36,"column":5}},"9":{"start":{"line":35,"column":4},"end":{"line":35,"column":32}},"10":{"start":{"line":37,"column":3},"end":{"line":37,"column":60}},"11":{"start":{"line":40,"column":19},"end":{"line":42,"column":5}},"12":{"start":{"line":41,"column":4},"end":{"line":41,"column":38}},"13":{"start":{"line":43,"column":3},"end":{"line":43,"column":42}},"14":{"start":{"line":45,"column":3},"end":{"line":45,"column":9}},"15":{"start":{"line":47,"column":1},"end":{"line":47,"column":14}}},"fnMap":{"0":{"name":"(anonymous_0)","decl":{"start":{"line":9,"column":16},"end":{"line":9,"column":17}},"loc":{"start":{"line":9,"column":50},"end":{"line":48,"column":1}},"line":9},"1":{"name":"(anonymous_1)","decl":{"start":{"line":34,"column":43},"end":{"line":34,"column":44}},"loc":{"start":{"line":34,"column":52},"end":{"line":36,"column":4}},"line":34},"2":{"name":"(anonymous_2)","decl":{"start":{"line":40,"column":41},"end":{"line":40,"column":42}},"loc":{"start":{"line":40,"column":50},"end":{"line":42,"column":4}},"line":40}},"branchMap":{"0":{"loc":{"start":{"line":9,"column":17},"end":{"line":9,"column":37}},"type":"default-arg","locations":[{"start":{"line":9,"column":25},"end":{"line":9,"column":37}}],"line":9},"1":{"loc":{"start":{"line":10,"column":1},"end":{"line":46,"column":2}},"type":"switch","locations":[{"start":{"line":12,"column":2},"end":{"line":13,"column":49}},{"start":{"line":15,"column":2},"end":{"line":16,"column":54}},{"start":{"line":18,"column":2},"end":{"line":25,"column":64}},{"start":{"line":27,"column":2},"end":{"line":37,"column":60}},{"start":{"line":39,"column":2},"end":{"line":43,"column":42}},{"start":{"line":44,"column":2},"end":{"line":45,"column":9}}],"line":10}},"s":{"0":3,"1":3,"2":9,"3":0,"4":0,"5":0,"6":0,"7":0,"8":0,"9":0,"10":0,"11":0,"12":0,"13":0,"14":9,"15":9},"f":{"0":9,"1":0,"2":0},"b":{"0":[9],"1":[0,0,0,0,0,9]},"_coverageSchema":"43e27e138ebf9cfc5966b082cf9a028302ed4184","hash":"8e807443c91b4df60605b20133163d3a67301155"}
,"/Users/wooyomac/2020-2/myswpp/swpp-hw3-wooong210/src/store/reducers/comments.js": {"path":"/Users/wooyomac/2020-2/myswpp/swpp-hw3-wooong210/src/store/reducers/comments.js","statementMap":{"0":{"start":{"line":3,"column":21},"end":{"line":7,"column":1}},"1":{"start":{"line":9,"column":16},"end":{"line":48,"column":1}},"2":{"start":{"line":10,"column":1},"end":{"line":46,"column":2}},"3":{"start":{"line":13,"column":3},"end":{"line":13,"column":49}},"4":{"start":{"line":16,"column":3},"end":{"line":16,"column":54}},"5":{"start":{"line":19,"column":22},"end":{"line":24,"column":4}},"6":{"start":{"line":25,"column":3},"end":{"line":25,"column":64}},"7":{"start":{"line":28,"column":23},"end":{"line":33,"column":4}},"8":{"start":{"line":34,"column":21},"end":{"line":36,"column":5}},"9":{"start":{"line":35,"column":4},"end":{"line":35,"column":32}},"10":{"start":{"line":37,"column":3},"end":{"line":37,"column":60}},"11":{"start":{"line":40,"column":19},"end":{"line":42,"column":5}},"12":{"start":{"line":41,"column":4},"end":{"line":41,"column":38}},"13":{"start":{"line":43,"column":3},"end":{"line":43,"column":42}},"14":{"start":{"line":45,"column":3},"end":{"line":45,"column":9}},"15":{"start":{"line":47,"column":1},"end":{"line":47,"column":14}}},"fnMap":{"0":{"name":"(anonymous_0)","decl":{"start":{"line":9,"column":16},"end":{"line":9,"column":17}},"loc":{"start":{"line":9,"column":50},"end":{"line":48,"column":1}},"line":9},"1":{"name":"(anonymous_1)","decl":{"start":{"line":34,"column":43},"end":{"line":34,"column":44}},"loc":{"start":{"line":34,"column":52},"end":{"line":36,"column":4}},"line":34},"2":{"name":"(anonymous_2)","decl":{"start":{"line":40,"column":41},"end":{"line":40,"column":42}},"loc":{"start":{"line":40,"column":50},"end":{"line":42,"column":4}},"line":40}},"branchMap":{"0":{"loc":{"start":{"line":9,"column":17},"end":{"line":9,"column":37}},"type":"default-arg","locations":[{"start":{"line":9,"column":25},"end":{"line":9,"column":37}}],"line":9},"1":{"loc":{"start":{"line":10,"column":1},"end":{"line":46,"column":2}},"type":"switch","locations":[{"start":{"line":12,"column":2},"end":{"line":13,"column":49}},{"start":{"line":15,"column":2},"end":{"line":16,"column":54}},{"start":{"line":18,"column":2},"end":{"line":25,"column":64}},{"start":{"line":27,"column":2},"end":{"line":37,"column":60}},{"start":{"line":39,"column":2},"end":{"line":43,"column":42}},{"start":{"line":44,"column":2},"end":{"line":45,"column":9}}],"line":10}},"s":{"0":3,"1":3,"2":9,"3":0,"4":0,"5":0,"6":0,"7":0,"8":0,"9":0,"10":0,"11":0,"12":0,"13":0,"14":9,"15":9},"f":{"0":9,"1":0,"2":0},"b":{"0":[9],"1":[0,0,0,0,0,9]},"_coverageSchema":"43e27e138ebf9cfc5966b082cf9a028302ed4184","hash":"22397add5f9174b87535a0d623e80cb97e7e2ed6"}
,"/Users/wooyomac/2020-2/myswpp/swpp-hw3-wooong210/src/store/reducers/user.js": {"path":"/Users/wooyomac/2020-2/myswpp/swpp-hw3-wooong210/src/store/reducers/user.js","statementMap":{"0":{"start":{"line":3,"column":21},"end":{"line":5,"column":1}},"1":{"start":{"line":7,"column":16},"end":{"line":27,"column":1}},"2":{"start":{"line":8,"column":1},"end":{"line":25,"column":2}},"3":{"start":{"line":11,"column":3},"end":{"line":11,"column":54}},"4":{"start":{"line":14,"column":3},"end":{"line":14,"column":58}},"5":{"start":{"line":17,"column":3},"end":{"line":17,"column":86}},"6":{"start":{"line":20,"column":18},"end":{"line":20,"column":20}},"7":{"start":{"line":21,"column":3},"end":{"line":21,"column":66}},"8":{"start":{"line":21,"column":34},"end":{"line":21,"column":63}},"9":{"start":{"line":22,"column":3},"end":{"line":22,"column":43}},"10":{"start":{"line":24,"column":3},"end":{"line":24,"column":9}},"11":{"start":{"line":26,"column":1},"end":{"line":26,"column":14}}},"fnMap":{"0":{"name":"(anonymous_0)","decl":{"start":{"line":7,"column":16},"end":{"line":7,"column":17}},"loc":{"start":{"line":7,"column":50},"end":{"line":27,"column":1}},"line":7},"1":{"name":"(anonymous_1)","decl":{"start":{"line":21,"column":24},"end":{"line":21,"column":25}},"loc":{"start":{"line":21,"column":34},"end":{"line":21,"column":63}},"line":21}},"branchMap":{"0":{"loc":{"start":{"line":7,"column":17},"end":{"line":7,"column":37}},"type":"default-arg","locations":[{"start":{"line":7,"column":25},"end":{"line":7,"column":37}}],"line":7},"1":{"loc":{"start":{"line":8,"column":1},"end":{"line":25,"column":2}},"type":"switch","locations":[{"start":{"line":10,"column":2},"end":{"line":11,"column":54}},{"start":{"line":13,"column":2},"end":{"line":14,"column":58}},{"start":{"line":16,"column":2},"end":{"line":17,"column":86}},{"start":{"line":19,"column":2},"end":{"line":22,"column":43}},{"start":{"line":23,"column":2},"end":{"line":24,"column":9}}],"line":8}},"s":{"0":3,"1":3,"2":9,"3":0,"4":0,"5":0,"6":0,"7":0,"8":0,"9":0,"10":9,"11":9},"f":{"0":9,"1":0},"b":{"0":[9],"1":[0,0,0,0,9]},"_coverageSchema":"43e27e138ebf9cfc5966b082cf9a028302ed4184","hash":"ca4843c96322fb70e00bfd7e89c0515f189048fb"}
,"/Users/wooyomac/2020-2/myswpp/swpp-hw3-wooong210/src/test-utils/mocks.js": {"path":"/Users/wooyomac/2020-2/myswpp/swpp-hw3-wooong210/src/test-utils/mocks.js","statementMap":{"0":{"start":{"line":8,"column":31},"end":{"line":16,"column":3}},"1":{"start":{"line":9,"column":17},"end":{"line":15,"column":2}},"2":{"start":{"line":10,"column":3},"end":{"line":13,"column":4}},"3":{"start":{"line":12,"column":4},"end":{"line":12,"column":10}},"4":{"start":{"line":14,"column":3},"end":{"line":14,"column":16}},"5":{"start":{"line":18,"column":33},"end":{"line":26,"column":3}},"6":{"start":{"line":19,"column":19},"end":{"line":25,"column":2}},"7":{"start":{"line":20,"column":2},"end":{"line":23,"column":3}},"8":{"start":{"line":22,"column":3},"end":{"line":22,"column":9}},"9":{"start":{"line":24,"column":2},"end":{"line":24,"column":15}},"10":{"start":{"line":28,"column":29},"end":{"line":36,"column":3}},"11":{"start":{"line":29,"column":18},"end":{"line":35,"column":2}},"12":{"start":{"line":30,"column":3},"end":{"line":33,"column":4}},"13":{"start":{"line":32,"column":4},"end":{"line":32,"column":10}},"14":{"start":{"line":34,"column":3},"end":{"line":34,"column":16}},"15":{"start":{"line":38,"column":28},"end":{"line":52,"column":1}},"16":{"start":{"line":39,"column":30},"end":{"line":39,"column":74}},"17":{"start":{"line":40,"column":30},"end":{"line":40,"column":74}},"18":{"start":{"line":41,"column":26},"end":{"line":41,"column":62}},"19":{"start":{"line":42,"column":22},"end":{"line":47,"column":4}},"20":{"start":{"line":48,"column":27},"end":{"line":48,"column":81}},"21":{"start":{"line":49,"column":20},"end":{"line":50,"column":54}},"22":{"start":{"line":51,"column":2},"end":{"line":51,"column":19}}},"fnMap":{"0":{"name":"(anonymous_0)","decl":{"start":{"line":9,"column":1},"end":{"line":9,"column":2}},"loc":{"start":{"line":9,"column":17},"end":{"line":15,"column":2}},"line":9},"1":{"name":"(anonymous_1)","decl":{"start":{"line":9,"column":17},"end":{"line":9,"column":18}},"loc":{"start":{"line":9,"column":51},"end":{"line":15,"column":2}},"line":9},"2":{"name":"(anonymous_2)","decl":{"start":{"line":19,"column":3},"end":{"line":19,"column":4}},"loc":{"start":{"line":19,"column":19},"end":{"line":25,"column":2}},"line":19},"3":{"name":"(anonymous_3)","decl":{"start":{"line":19,"column":19},"end":{"line":19,"column":20}},"loc":{"start":{"line":19,"column":53},"end":{"line":25,"column":2}},"line":19},"4":{"name":"(anonymous_4)","decl":{"start":{"line":29,"column":2},"end":{"line":29,"column":3}},"loc":{"start":{"line":29,"column":18},"end":{"line":35,"column":2}},"line":29},"5":{"name":"(anonymous_5)","decl":{"start":{"line":29,"column":18},"end":{"line":29,"column":19}},"loc":{"start":{"line":29,"column":52},"end":{"line":35,"column":2}},"line":29},"6":{"name":"(anonymous_6)","decl":{"start":{"line":38,"column":28},"end":{"line":38,"column":29}},"loc":{"start":{"line":38,"column":94},"end":{"line":52,"column":1}},"line":38}},"branchMap":{"0":{"loc":{"start":{"line":9,"column":18},"end":{"line":9,"column":38}},"type":"default-arg","locations":[{"start":{"line":9,"column":26},"end":{"line":9,"column":38}}],"line":9},"1":{"loc":{"start":{"line":10,"column":3},"end":{"line":13,"column":4}},"type":"switch","locations":[{"start":{"line":11,"column":2},"end":{"line":12,"column":10}}],"line":10},"2":{"loc":{"start":{"line":19,"column":20},"end":{"line":19,"column":40}},"type":"default-arg","locations":[{"start":{"line":19,"column":28},"end":{"line":19,"column":40}}],"line":19},"3":{"loc":{"start":{"line":20,"column":2},"end":{"line":23,"column":3}},"type":"switch","locations":[{"start":{"line":21,"column":4},"end":{"line":22,"column":9}}],"line":20},"4":{"loc":{"start":{"line":29,"column":19},"end":{"line":29,"column":39}},"type":"default-arg","locations":[{"start":{"line":29,"column":27},"end":{"line":29,"column":39}}],"line":29},"5":{"loc":{"start":{"line":30,"column":3},"end":{"line":33,"column":4}},"type":"switch","locations":[{"start":{"line":31,"column":3},"end":{"line":32,"column":10}}],"line":30},"6":{"loc":{"start":{"line":48,"column":27},"end":{"line":48,"column":81}},"type":"binary-expr","locations":[{"start":{"line":48,"column":27},"end":{"line":48,"column":70}},{"start":{"line":48,"column":74},"end":{"line":48,"column":81}}],"line":48}},"s":{"0":3,"1":3,"2":19,"3":19,"4":19,"5":3,"6":3,"7":19,"8":19,"9":19,"10":3,"11":3,"12":19,"13":19,"14":19,"15":3,"16":3,"17":3,"18":3,"19":3,"20":3,"21":3,"22":3},"f":{"0":3,"1":19,"2":3,"3":19,"4":3,"5":19,"6":3},"b":{"0":[9],"1":[19],"2":[9],"3":[19],"4":[9],"5":[19],"6":[3,3]},"_coverageSchema":"43e27e138ebf9cfc5966b082cf9a028302ed4184","hash":"73f51b30c2563683610f6048ff5746782f991768"}
}
