TN:
SF:/Users/wooyomac/2020-2/myswpp/swpp-hw3-wooong210/src/App.js
FN:12,App
FN:24,(anonymous_1)
FNF:2
FNH:2
FNDA:2,App
FNDA:2,(anonymous_1)
DA:13,2
DA:24,2
LF:2
LH:2
BRF:0
BRH:0
end_of_record
TN:
SF:/Users/wooyomac/2020-2/myswpp/swpp-hw3-wooong210/src/components/Article/Article.js
FN:4,(anonymous_0)
FNF:1
FNH:1
FNDA:1,(anonymous_0)
DA:4,2
DA:5,1
LF:2
LH:2
BRF:0
BRH:0
end_of_record
TN:
SF:/Users/wooyomac/2020-2/myswpp/swpp-hw3-wooong210/src/components/ArticleList/ArticleList.js
FN:4,(anonymous_0)
FNF:1
FNH:1
FNDA:1,(anonymous_0)
DA:4,2
DA:5,1
LF:2
LH:2
BRF:0
BRH:0
end_of_record
TN:
SF:/Users/wooyomac/2020-2/myswpp/swpp-hw3-wooong210/src/components/Comment/Comment.js
FN:4,(anonymous_0)
FNF:1
FNH:1
FNDA:1,(anonymous_0)
DA:4,2
DA:5,1
LF:2
LH:2
BRDA:9,0,0,1
BRDA:9,0,1,1
BRDA:11,1,0,1
BRDA:11,1,1,1
BRF:4
BRH:4
end_of_record
TN:
SF:/Users/wooyomac/2020-2/myswpp/swpp-hw3-wooong210/src/components/Header/Header.js
FN:10,(anonymous_0)
FN:14,(anonymous_1)
FN:19,(anonymous_2)
FN:22,(anonymous_3)
FN:28,(anonymous_4)
FN:35,(anonymous_5)
FN:37,(anonymous_6)
FN:38,(anonymous_7)
FNF:8
FNH:8
FNDA:5,(anonymous_0)
FNDA:2,(anonymous_1)
FNDA:9,(anonymous_2)
FNDA:2,(anonymous_3)
FNDA:11,(anonymous_4)
FNDA:5,(anonymous_5)
FNDA:5,(anonymous_6)
FNDA:2,(anonymous_7)
DA:11,5
DA:14,5
DA:15,2
DA:16,2
DA:20,9
DA:22,2
DA:28,2
DA:29,11
DA:35,2
DA:36,5
DA:37,5
DA:38,2
LF:12
LH:12
BRDA:22,0,0,9
BRDA:22,0,1,5
BRF:2
BRH:2
end_of_record
TN:
SF:/Users/wooyomac/2020-2/myswpp/swpp-hw3-wooong210/src/containers/Articles/Articles.js
FN:12,(anonymous_0)
FN:19,(anonymous_1)
FN:23,(anonymous_2)
FN:27,(anonymous_3)
FN:28,(anonymous_4)
FN:37,(anonymous_5)
FN:47,(anonymous_6)
FN:53,(anonymous_7)
FN:61,(anonymous_8)
FN:63,(anonymous_9)
FN:64,(anonymous_10)
FN:65,(anonymous_11)
FNF:12
FNH:7
FNDA:1,(anonymous_0)
FNDA:0,(anonymous_1)
FNDA:0,(anonymous_2)
FNDA:1,(anonymous_3)
FNDA:0,(anonymous_4)
FNDA:0,(anonymous_5)
FNDA:0,(anonymous_6)
FNDA:1,(anonymous_7)
FNDA:1,(anonymous_8)
FNDA:1,(anonymous_9)
FNDA:1,(anonymous_10)
FNDA:1,(anonymous_11)
DA:8,1
DA:13,1
DA:14,1
DA:15,1
DA:16,1
DA:19,1
DA:20,0
DA:23,1
DA:24,0
DA:28,1
DA:29,0
DA:30,0
DA:37,0
DA:42,1
DA:47,0
DA:53,1
DA:54,1
DA:61,1
DA:62,1
DA:63,1
DA:64,1
DA:65,1
LF:22
LH:16
BRDA:15,0,0,1
BRDA:15,0,1,0
BRDA:16,1,0,0
BRDA:16,1,1,1
BRDA:29,2,0,0
BRDA:29,2,1,0
BRF:6
BRH:2
end_of_record
TN:
SF:/Users/wooyomac/2020-2/myswpp/swpp-hw3-wooong210/src/containers/Articles/ArticleDetail/ArticleDetail.js
FN:12,(anonymous_0)
FN:21,(anonymous_1)
FN:25,(anonymous_2)
FN:30,(anonymous_3)
FN:35,(anonymous_4)
FN:41,(anonymous_5)
FN:51,(anonymous_6)
FN:51,(anonymous_7)
FN:61,(anonymous_8)
FN:65,(anonymous_9)
FN:91,(anonymous_10)
FN:96,(anonymous_11)
FN:100,(anonymous_12)
FN:109,(anonymous_13)
FN:114,(anonymous_14)
FN:129,(anonymous_15)
FN:139,(anonymous_16)
FN:141,(anonymous_17)
FN:142,(anonymous_18)
FN:143,(anonymous_19)
FN:144,(anonymous_20)
FN:145,(anonymous_21)
FN:146,(anonymous_22)
FN:147,(anonymous_23)
FN:148,(anonymous_24)
FNF:25
FNH:0
FNDA:0,(anonymous_0)
FNDA:0,(anonymous_1)
FNDA:0,(anonymous_2)
FNDA:0,(anonymous_3)
FNDA:0,(anonymous_4)
FNDA:0,(anonymous_5)
FNDA:0,(anonymous_6)
FNDA:0,(anonymous_7)
FNDA:0,(anonymous_8)
FNDA:0,(anonymous_9)
FNDA:0,(anonymous_10)
FNDA:0,(anonymous_11)
FNDA:0,(anonymous_12)
FNDA:0,(anonymous_13)
FNDA:0,(anonymous_14)
FNDA:0,(anonymous_15)
FNDA:0,(anonymous_16)
FNDA:0,(anonymous_17)
FNDA:0,(anonymous_18)
FNDA:0,(anonymous_19)
FNDA:0,(anonymous_20)
FNDA:0,(anonymous_21)
FNDA:0,(anonymous_22)
FNDA:0,(anonymous_23)
FNDA:0,(anonymous_24)
DA:8,0
DA:13,0
DA:14,0
DA:15,0
DA:16,0
DA:17,0
DA:21,0
DA:22,0
DA:25,0
DA:26,0
DA:27,0
DA:30,0
DA:31,0
DA:35,0
DA:36,0
DA:37,0
DA:38,0
DA:42,0
DA:43,0
DA:44,0
DA:45,0
DA:46,0
DA:47,0
DA:49,0
DA:51,0
DA:52,0
DA:53,0
DA:62,0
DA:63,0
DA:65,0
DA:70,0
DA:91,0
DA:96,0
DA:100,0
DA:109,0
DA:114,0
DA:129,1
DA:130,0
DA:139,1
DA:140,0
DA:141,0
DA:142,0
DA:143,0
DA:144,0
DA:145,0
DA:146,0
DA:147,0
DA:149,0
LF:48
LH:2
BRDA:13,0,0,0
BRDA:13,0,1,0
BRDA:17,1,0,0
BRDA:17,1,1,0
BRDA:43,2,0,0
BRDA:43,2,1,0
BRDA:52,3,0,0
BRDA:52,3,1,0
BRDA:63,4,0,0
BRDA:63,4,1,0
BRDA:74,5,0,0
BRDA:74,5,1,0
BRDA:88,6,0,0
BRDA:88,6,1,0
BRDA:93,7,0,0
BRDA:93,7,1,0
BRDA:115,8,0,0
BRDA:115,8,1,0
BRF:18
BRH:0
end_of_record
TN:
SF:/Users/wooyomac/2020-2/myswpp/swpp-hw3-wooong210/src/containers/Articles/ArticleEdit/ArticleEdit.js
FN:14,(anonymous_0)
FN:28,(anonymous_1)
FN:36,(anonymous_2)
FN:41,(anonymous_3)
FN:56,(anonymous_4)
FN:60,(anonymous_5)
FN:65,(anonymous_6)
FN:69,(anonymous_7)
FN:74,(anonymous_8)
FN:78,(anonymous_9)
FN:87,(anonymous_10)
FN:96,(anonymous_11)
FN:98,(anonymous_12)
FN:99,(anonymous_13)
FN:101,(anonymous_14)
FN:102,(anonymous_15)
FNF:16
FNH:0
FNDA:0,(anonymous_0)
FNDA:0,(anonymous_1)
FNDA:0,(anonymous_2)
FNDA:0,(anonymous_3)
FNDA:0,(anonymous_4)
FNDA:0,(anonymous_5)
FNDA:0,(anonymous_6)
FNDA:0,(anonymous_7)
FNDA:0,(anonymous_8)
FNDA:0,(anonymous_9)
FNDA:0,(anonymous_10)
FNDA:0,(anonymous_11)
FNDA:0,(anonymous_12)
FNDA:0,(anonymous_13)
FNDA:0,(anonymous_14)
FNDA:0,(anonymous_15)
DA:7,0
DA:15,0
DA:16,0
DA:17,0
DA:18,0
DA:19,0
DA:20,0
DA:28,0
DA:29,0
DA:30,0
DA:31,0
DA:33,0
DA:36,0
DA:37,0
DA:38,0
DA:42,0
DA:56,0
DA:60,0
DA:65,0
DA:69,0
DA:74,0
DA:78,0
DA:87,1
DA:88,0
DA:96,1
DA:97,0
DA:98,0
DA:100,0
DA:101,0
DA:102,0
LF:30
LH:2
BRDA:16,0,0,0
BRDA:16,0,1,0
BRDA:18,1,0,0
BRDA:18,1,1,0
BRDA:19,2,0,0
BRDA:19,2,1,0
BRDA:29,3,0,0
BRDA:29,3,1,0
BRDA:29,4,0,0
BRDA:29,4,1,0
BRDA:31,5,0,0
BRDA:31,5,1,0
BRDA:44,6,0,0
BRDA:44,6,1,0
BRDA:46,7,0,0
BRDA:46,7,1,0
BRDA:70,8,0,0
BRDA:70,8,1,0
BRDA:70,9,0,0
BRDA:70,9,1,0
BRF:20
BRH:0
end_of_record
TN:
SF:/Users/wooyomac/2020-2/myswpp/swpp-hw3-wooong210/src/containers/Articles/NewArticle/NewArticle.js
FN:15,(anonymous_0)
FN:22,(anonymous_1)
FN:26,(anonymous_2)
FN:32,(anonymous_3)
FN:38,(anonymous_4)
FN:53,(anonymous_5)
FN:59,(anonymous_6)
FN:64,(anonymous_7)
FN:68,(anonymous_8)
FN:73,(anonymous_9)
FN:77,(anonymous_10)
FN:85,(anonymous_11)
FN:94,(anonymous_12)
FN:96,(anonymous_13)
FN:98,(anonymous_14)
FN:99,(anonymous_15)
FNF:16
FNH:0
FNDA:0,(anonymous_0)
FNDA:0,(anonymous_1)
FNDA:0,(anonymous_2)
FNDA:0,(anonymous_3)
FNDA:0,(anonymous_4)
FNDA:0,(anonymous_5)
FNDA:0,(anonymous_6)
FNDA:0,(anonymous_7)
FNDA:0,(anonymous_8)
FNDA:0,(anonymous_9)
FNDA:0,(anonymous_10)
FNDA:0,(anonymous_11)
FNDA:0,(anonymous_12)
FNDA:0,(anonymous_13)
FNDA:0,(anonymous_14)
FNDA:0,(anonymous_15)
DA:8,0
DA:16,0
DA:17,0
DA:18,0
DA:19,0
DA:22,0
DA:23,0
DA:26,0
DA:27,0
DA:28,0
DA:29,0
DA:32,0
DA:33,0
DA:39,0
DA:53,0
DA:59,0
DA:64,0
DA:68,0
DA:73,0
DA:77,0
DA:85,1
DA:86,0
DA:94,1
DA:95,0
DA:97,0
DA:98,0
DA:99,0
LF:27
LH:2
BRDA:17,0,0,0
BRDA:17,0,1,0
BRDA:18,1,0,0
BRDA:18,1,1,0
BRDA:41,2,0,0
BRDA:41,2,1,0
BRDA:43,3,0,0
BRDA:43,3,1,0
BRDA:69,4,0,0
BRDA:69,4,1,0
BRDA:69,5,0,0
BRDA:69,5,1,0
BRF:12
BRH:0
end_of_record
TN:
SF:/Users/wooyomac/2020-2/myswpp/swpp-hw3-wooong210/src/containers/Login/Login.js
FN:11,(anonymous_0)
FN:16,(anonymous_1)
FN:21,(anonymous_2)
FN:33,(anonymous_3)
FN:44,(anonymous_4)
FN:53,(anonymous_5)
FN:56,(anonymous_6)
FN:62,(anonymous_7)
FN:70,(anonymous_8)
FN:72,(anonymous_9)
FN:73,(anonymous_10)
FN:74,(anonymous_11)
FNF:12
FNH:6
FNDA:1,(anonymous_0)
FNDA:0,(anonymous_1)
FNDA:0,(anonymous_2)
FNDA:1,(anonymous_3)
FNDA:0,(anonymous_4)
FNDA:0,(anonymous_5)
FNDA:0,(anonymous_6)
FNDA:2,(anonymous_7)
FNDA:1,(anonymous_8)
FNDA:0,(anonymous_9)
FNDA:1,(anonymous_10)
FNDA:1,(anonymous_11)
DA:6,1
DA:12,1
DA:13,1
DA:17,0
DA:18,0
DA:21,1
DA:22,0
DA:23,0
DA:24,0
DA:25,0
DA:28,0
DA:29,0
DA:35,1
DA:44,0
DA:53,0
DA:56,0
DA:62,1
DA:63,2
DA:70,1
DA:71,1
DA:72,0
DA:73,1
DA:74,1
LF:23
LH:11
BRDA:13,0,0,1
BRDA:13,0,1,0
BRDA:17,1,0,0
BRDA:17,1,1,0
BRDA:23,2,0,0
BRDA:23,2,1,0
BRDA:23,3,0,0
BRDA:23,3,1,0
BRF:8
BRH:1
end_of_record
TN:
SF:/Users/wooyomac/2020-2/myswpp/swpp-hw3-wooong210/src/store/store.js
FNF:0
FNH:0
DA:10,3
DA:12,3
DA:18,3
DA:20,3
DA:21,3
LF:5
LH:5
BRDA:20,0,0,3
BRDA:20,0,1,3
BRF:2
BRH:2
end_of_record
TN:
SF:/Users/wooyomac/2020-2/myswpp/swpp-hw3-wooong210/src/store/actions/actionTypes.js
FNF:0
FNH:0
DA:2,3
DA:3,3
DA:4,3
DA:5,3
DA:6,3
DA:9,3
DA:10,3
DA:11,3
DA:12,3
DA:13,3
DA:16,3
DA:17,3
DA:18,3
DA:19,3
LF:14
LH:14
BRF:0
BRH:0
end_of_record
TN:
SF:/Users/wooyomac/2020-2/myswpp/swpp-hw3-wooong210/src/store/actions/blog.js
FN:5,(anonymous_0)
FN:9,(anonymous_1)
FN:10,(anonymous_2)
FN:12,(anonymous_3)
FN:13,(anonymous_4)
FN:17,(anonymous_5)
FN:27,(anonymous_6)
FN:28,(anonymous_7)
FN:30,(anonymous_8)
FN:34,(anonymous_9)
FN:38,(anonymous_10)
FN:45,(anonymous_11)
FN:46,(anonymous_12)
FN:48,(anonymous_13)
FN:49,(anonymous_14)
FN:53,(anonymous_15)
FN:63,(anonymous_16)
FN:64,(anonymous_17)
FN:66,(anonymous_18)
FN:70,(anonymous_19)
FN:75,(anonymous_20)
FN:82,(anonymous_21)
FN:83,(anonymous_22)
FN:85,(anonymous_23)
FNF:24
FNH:2
FNDA:0,(anonymous_0)
FNDA:1,(anonymous_1)
FNDA:1,(anonymous_2)
FNDA:0,(anonymous_3)
FNDA:0,(anonymous_4)
FNDA:0,(anonymous_5)
FNDA:0,(anonymous_6)
FNDA:0,(anonymous_7)
FNDA:0,(anonymous_8)
FNDA:0,(anonymous_9)
FNDA:0,(anonymous_10)
FNDA:0,(anonymous_11)
FNDA:0,(anonymous_12)
FNDA:0,(anonymous_13)
FNDA:0,(anonymous_14)
FNDA:0,(anonymous_15)
FNDA:0,(anonymous_16)
FNDA:0,(anonymous_17)
FNDA:0,(anonymous_18)
FNDA:0,(anonymous_19)
FNDA:0,(anonymous_20)
FNDA:0,(anonymous_21)
FNDA:0,(anonymous_22)
FNDA:0,(anonymous_23)
DA:5,3
DA:6,0
DA:9,3
DA:10,1
DA:11,1
DA:12,0
DA:13,0
DA:17,3
DA:18,0
DA:27,3
DA:28,0
DA:29,0
DA:31,0
DA:32,0
DA:34,0
DA:38,3
DA:39,0
DA:45,3
DA:46,0
DA:47,0
DA:48,0
DA:49,0
DA:53,3
DA:54,0
DA:63,3
DA:64,0
DA:65,0
DA:67,0
DA:68,0
DA:70,0
DA:75,3
DA:76,0
DA:82,3
DA:83,0
DA:84,0
DA:85,0
LF:36
LH:12
BRF:0
BRH:0
end_of_record
TN:
SF:/Users/wooyomac/2020-2/myswpp/swpp-hw3-wooong210/src/store/actions/comments.js
FN:4,(anonymous_0)
FN:8,(anonymous_1)
FN:9,(anonymous_2)
FN:11,(anonymous_3)
FN:12,(anonymous_4)
FN:16,(anonymous_5)
FN:26,(anonymous_6)
FN:27,(anonymous_7)
FN:29,(anonymous_8)
FN:30,(anonymous_9)
FN:34,(anonymous_10)
FN:41,(anonymous_11)
FN:42,(anonymous_12)
FN:44,(anonymous_13)
FN:45,(anonymous_14)
FN:49,(anonymous_15)
FN:59,(anonymous_16)
FN:60,(anonymous_17)
FN:62,(anonymous_18)
FN:63,(anonymous_19)
FN:68,(anonymous_20)
FN:75,(anonymous_21)
FN:76,(anonymous_22)
FN:78,(anonymous_23)
FNF:24
FNH:0
FNDA:0,(anonymous_0)
FNDA:0,(anonymous_1)
FNDA:0,(anonymous_2)
FNDA:0,(anonymous_3)
FNDA:0,(anonymous_4)
FNDA:0,(anonymous_5)
FNDA:0,(anonymous_6)
FNDA:0,(anonymous_7)
FNDA:0,(anonymous_8)
FNDA:0,(anonymous_9)
FNDA:0,(anonymous_10)
FNDA:0,(anonymous_11)
FNDA:0,(anonymous_12)
FNDA:0,(anonymous_13)
FNDA:0,(anonymous_14)
FNDA:0,(anonymous_15)
FNDA:0,(anonymous_16)
FNDA:0,(anonymous_17)
FNDA:0,(anonymous_18)
FNDA:0,(anonymous_19)
FNDA:0,(anonymous_20)
FNDA:0,(anonymous_21)
FNDA:0,(anonymous_22)
FNDA:0,(anonymous_23)
DA:4,3
DA:5,0
DA:8,3
DA:9,0
DA:10,0
DA:11,0
DA:12,0
DA:16,3
DA:17,0
DA:26,3
DA:27,0
DA:28,0
DA:29,0
DA:30,0
DA:34,3
DA:35,0
DA:41,3
DA:42,0
DA:43,0
DA:44,0
DA:45,0
DA:49,3
DA:50,0
DA:59,3
DA:60,0
DA:61,0
DA:62,0
DA:63,0
DA:68,3
DA:69,0
DA:75,3
DA:76,0
DA:77,0
DA:78,0
LF:34
LH:10
BRF:0
BRH:0
end_of_record
TN:
SF:/Users/wooyomac/2020-2/myswpp/swpp-hw3-wooong210/src/store/actions/index.js
FNF:0
FNH:0
LF:0
LH:0
BRF:0
BRH:0
end_of_record
TN:
SF:/Users/wooyomac/2020-2/myswpp/swpp-hw3-wooong210/src/store/actions/user.js
FN:4,(anonymous_0)
FN:11,(anonymous_1)
FN:12,(anonymous_2)
FN:14,(anonymous_3)
FN:19,(anonymous_4)
FN:25,(anonymous_5)
FN:26,(anonymous_6)
FN:28,(anonymous_7)
FN:32,(anonymous_8)
FN:41,(anonymous_9)
FN:42,(anonymous_10)
FN:44,(anonymous_11)
FN:48,(anonymous_12)
FN:55,(anonymous_13)
FN:56,(anonymous_14)
FN:58,(anonymous_15)
FNF:16
FNH:4
FNDA:0,(anonymous_0)
FNDA:0,(anonymous_1)
FNDA:0,(anonymous_2)
FNDA:0,(anonymous_3)
FNDA:0,(anonymous_4)
FNDA:0,(anonymous_5)
FNDA:0,(anonymous_6)
FNDA:0,(anonymous_7)
FNDA:0,(anonymous_8)
FNDA:7,(anonymous_9)
FNDA:7,(anonymous_10)
FNDA:0,(anonymous_11)
FNDA:0,(anonymous_12)
FNDA:2,(anonymous_13)
FNDA:2,(anonymous_14)
FNDA:0,(anonymous_15)
DA:4,3
DA:5,0
DA:11,3
DA:12,0
DA:13,0
DA:14,0
DA:19,3
DA:20,0
DA:25,3
DA:26,0
DA:27,0
DA:28,0
DA:32,3
DA:33,0
DA:41,3
DA:42,7
DA:43,7
DA:44,0
DA:48,3
DA:49,0
DA:55,3
DA:56,2
DA:57,2
DA:58,0
LF:24
LH:12
BRF:0
BRH:0
end_of_record
TN:
SF:/Users/wooyomac/2020-2/myswpp/swpp-hw3-wooong210/src/store/reducers/blog.js
FN:9,(anonymous_0)
FN:34,(anonymous_1)
FN:40,(anonymous_2)
FNF:3
FNH:1
FNDA:9,(anonymous_0)
FNDA:0,(anonymous_1)
FNDA:0,(anonymous_2)
DA:3,3
DA:9,3
DA:10,9
DA:13,0
DA:16,0
DA:19,0
DA:25,0
DA:28,0
DA:34,0
DA:35,0
DA:37,0
DA:40,0
DA:41,0
DA:43,0
DA:45,9
DA:47,9
LF:16
LH:5
BRDA:9,0,0,9
BRDA:10,1,0,0
BRDA:10,1,1,0
BRDA:10,1,2,0
BRDA:10,1,3,0
BRDA:10,1,4,0
BRDA:10,1,5,9
BRF:7
BRH:2
end_of_record
TN:
SF:/Users/wooyomac/2020-2/myswpp/swpp-hw3-wooong210/src/store/reducers/comments.js
FN:9,(anonymous_0)
FN:34,(anonymous_1)
FN:40,(anonymous_2)
FNF:3
FNH:1
FNDA:9,(anonymous_0)
FNDA:0,(anonymous_1)
FNDA:0,(anonymous_2)
DA:3,3
DA:9,3
DA:10,9
DA:13,0
DA:16,0
DA:19,0
DA:25,0
DA:28,0
DA:34,0
DA:35,0
DA:37,0
DA:40,0
DA:41,0
DA:43,0
DA:45,9
DA:47,9
LF:16
LH:5
BRDA:9,0,0,9
BRDA:10,1,0,0
BRDA:10,1,1,0
BRDA:10,1,2,0
BRDA:10,1,3,0
BRDA:10,1,4,0
BRDA:10,1,5,9
BRF:7
BRH:2
end_of_record
TN:
SF:/Users/wooyomac/2020-2/myswpp/swpp-hw3-wooong210/src/store/reducers/user.js
FN:7,(anonymous_0)
FN:21,(anonymous_1)
FNF:2
FNH:1
FNDA:9,(anonymous_0)
FNDA:0,(anonymous_1)
DA:3,3
DA:7,3
DA:8,9
DA:11,0
DA:14,0
DA:17,0
DA:20,0
DA:21,0
DA:22,0
DA:24,9
DA:26,9
LF:11
LH:5
BRDA:7,0,0,9
BRDA:8,1,0,0
BRDA:8,1,1,0
BRDA:8,1,2,0
BRDA:8,1,3,0
BRDA:8,1,4,9
BRF:6
BRH:2
end_of_record
TN:
SF:/Users/wooyomac/2020-2/myswpp/swpp-hw3-wooong210/src/test-utils/mocks.js
FN:9,(anonymous_0)
FN:9,(anonymous_1)
FN:19,(anonymous_2)
FN:19,(anonymous_3)
FN:29,(anonymous_4)
FN:29,(anonymous_5)
FN:38,(anonymous_6)
FNF:7
FNH:7
FNDA:3,(anonymous_0)
FNDA:19,(anonymous_1)
FNDA:3,(anonymous_2)
FNDA:19,(anonymous_3)
FNDA:3,(anonymous_4)
FNDA:19,(anonymous_5)
FNDA:3,(anonymous_6)
DA:8,3
DA:9,3
DA:10,19
DA:12,19
DA:14,19
DA:18,3
DA:19,3
DA:20,19
DA:22,19
DA:24,19
DA:28,3
DA:29,3
DA:30,19
DA:32,19
DA:34,19
DA:38,3
DA:39,3
DA:40,3
DA:41,3
DA:42,3
DA:48,3
DA:49,3
DA:51,3
LF:23
LH:23
BRDA:9,0,0,9
BRDA:10,1,0,19
BRDA:19,2,0,9
BRDA:20,3,0,19
BRDA:29,4,0,9
BRDA:30,5,0,19
BRDA:48,6,0,3
BRDA:48,6,1,3
BRF:8
BRH:8
end_of_record
