TN:
SF:/Users/wooyomac/2020-2/myswpp/swpp-hw3-wooong210/src/App.js
FN:12,App
FN:24,(anonymous_1)
FNF:2
FNH:2
FNDA:2,App
FNDA:2,(anonymous_1)
DA:13,2
DA:24,2
LF:2
LH:2
BRF:0
BRH:0
end_of_record
TN:
SF:/Users/wooyomac/2020-2/myswpp/swpp-hw3-wooong210/src/components/Article/Article.js
FN:4,(anonymous_0)
FNF:1
FNH:1
FNDA:1,(anonymous_0)
DA:4,2
DA:5,1
LF:2
LH:2
BRF:0
BRH:0
end_of_record
TN:
SF:/Users/wooyomac/2020-2/myswpp/swpp-hw3-wooong210/src/components/ArticleList/ArticleList.js
FN:4,(anonymous_0)
FNF:1
FNH:1
FNDA:1,(anonymous_0)
DA:4,1
DA:5,1
LF:2
LH:2
BRF:0
BRH:0
end_of_record
TN:
SF:/Users/wooyomac/2020-2/myswpp/swpp-hw3-wooong210/src/components/Comment/Comment.js
FN:4,(anonymous_0)
FNF:1
FNH:1
FNDA:1,(anonymous_0)
DA:4,2
DA:5,1
LF:2
LH:2
BRDA:9,0,0,1
BRDA:9,0,1,1
BRDA:11,1,0,1
BRDA:11,1,1,1
BRF:4
BRH:4
end_of_record
TN:
SF:/Users/wooyomac/2020-2/myswpp/swpp-hw3-wooong210/src/components/Header/Header.js
FN:10,(anonymous_0)
FN:14,(anonymous_1)
FN:19,(anonymous_2)
FN:22,(anonymous_3)
FN:28,(anonymous_4)
FN:35,(anonymous_5)
FN:37,(anonymous_6)
FN:38,(anonymous_7)
FNF:8
FNH:8
FNDA:5,(anonymous_0)
FNDA:2,(anonymous_1)
FNDA:9,(anonymous_2)
FNDA:2,(anonymous_3)
FNDA:11,(anonymous_4)
FNDA:5,(anonymous_5)
FNDA:5,(anonymous_6)
FNDA:2,(anonymous_7)
DA:11,5
DA:14,5
DA:15,2
DA:16,2
DA:20,9
DA:22,2
DA:28,2
DA:29,11
DA:35,2
DA:36,5
DA:37,5
DA:38,2
LF:12
LH:12
BRDA:22,0,0,9
BRDA:22,0,1,5
BRF:2
BRH:2
end_of_record
TN:
SF:/Users/wooyomac/2020-2/myswpp/swpp-hw3-wooong210/src/containers/Articles/Articles.js
FN:12,(anonymous_0)
FN:19,(anonymous_1)
FN:23,(anonymous_2)
FN:27,(anonymous_3)
FN:28,(anonymous_4)
FN:37,(anonymous_5)
FN:47,(anonymous_6)
FN:53,(anonymous_7)
FN:61,(anonymous_8)
FN:63,(anonymous_9)
FN:64,(anonymous_10)
FN:65,(anonymous_11)
FNF:12
FNH:12
FNDA:5,(anonymous_0)
FNDA:1,(anonymous_1)
FNDA:1,(anonymous_2)
FNDA:5,(anonymous_3)
FNDA:15,(anonymous_4)
FNDA:1,(anonymous_5)
FNDA:1,(anonymous_6)
FNDA:5,(anonymous_7)
FNDA:5,(anonymous_8)
FNDA:5,(anonymous_9)
FNDA:5,(anonymous_10)
FNDA:4,(anonymous_11)
DA:8,5
DA:13,5
DA:14,5
DA:15,5
DA:16,5
DA:19,5
DA:20,1
DA:23,5
DA:24,1
DA:28,5
DA:29,15
DA:30,15
DA:37,1
DA:42,5
DA:47,1
DA:53,1
DA:54,5
DA:61,1
DA:62,5
DA:63,5
DA:64,5
DA:65,4
LF:22
LH:22
BRDA:15,0,0,4
BRDA:15,0,1,1
BRDA:16,1,0,1
BRDA:16,1,1,4
BRDA:29,2,0,3
BRDA:29,2,1,12
BRF:6
BRH:6
end_of_record
TN:
SF:/Users/wooyomac/2020-2/myswpp/swpp-hw3-wooong210/src/containers/Articles/ArticleDetail/ArticleDetail.js
FN:13,(anonymous_0)
FN:22,(anonymous_1)
FN:26,(anonymous_2)
FN:31,(anonymous_3)
FN:36,(anonymous_4)
FN:42,(anonymous_5)
FN:52,(anonymous_6)
FN:52,(anonymous_7)
FN:62,(anonymous_8)
FN:66,(anonymous_9)
FN:85,(anonymous_10)
FN:90,(anonymous_11)
FN:94,(anonymous_12)
FN:103,(anonymous_13)
FN:108,(anonymous_14)
FN:123,(anonymous_15)
FN:133,(anonymous_16)
FN:135,(anonymous_17)
FN:136,(anonymous_18)
FN:137,(anonymous_19)
FN:138,(anonymous_20)
FN:139,(anonymous_21)
FN:140,(anonymous_22)
FN:141,(anonymous_23)
FN:142,(anonymous_24)
FNF:25
FNH:25
FNDA:14,(anonymous_0)
FNDA:1,(anonymous_1)
FNDA:1,(anonymous_2)
FNDA:1,(anonymous_3)
FNDA:1,(anonymous_4)
FNDA:17,(anonymous_5)
FNDA:68,(anonymous_6)
FNDA:32,(anonymous_7)
FNDA:2,(anonymous_8)
FNDA:1,(anonymous_9)
FNDA:1,(anonymous_10)
FNDA:1,(anonymous_11)
FNDA:1,(anonymous_12)
FNDA:2,(anonymous_13)
FNDA:1,(anonymous_14)
FNDA:14,(anonymous_15)
FNDA:14,(anonymous_16)
FNDA:14,(anonymous_17)
FNDA:1,(anonymous_18)
FNDA:14,(anonymous_19)
FNDA:13,(anonymous_20)
FNDA:14,(anonymous_21)
FNDA:1,(anonymous_22)
FNDA:1,(anonymous_23)
FNDA:1,(anonymous_24)
DA:8,14
DA:14,14
DA:15,14
DA:16,14
DA:17,14
DA:18,14
DA:22,14
DA:23,1
DA:26,14
DA:27,1
DA:28,1
DA:31,14
DA:32,1
DA:36,14
DA:37,1
DA:38,1
DA:39,1
DA:43,17
DA:44,17
DA:45,16
DA:46,16
DA:47,16
DA:48,16
DA:50,17
DA:52,68
DA:53,32
DA:54,32
DA:63,2
DA:64,2
DA:66,1
DA:71,17
DA:85,1
DA:90,1
DA:94,1
DA:103,2
DA:108,1
DA:123,2
DA:124,14
DA:133,2
DA:134,14
DA:135,14
DA:136,1
DA:137,14
DA:138,13
DA:139,14
DA:140,1
DA:141,1
DA:143,1
LF:48
LH:48
BRDA:14,0,0,13
BRDA:14,0,1,1
BRDA:18,1,0,1
BRDA:18,1,1,13
BRDA:44,2,0,16
BRDA:44,2,1,1
BRDA:53,3,0,2
BRDA:53,3,1,30
BRDA:64,4,0,1
BRDA:64,4,1,1
BRDA:75,5,0,1
BRDA:75,5,1,16
BRDA:82,6,0,17
BRDA:82,6,1,13
BRDA:87,7,0,17
BRDA:87,7,1,13
BRDA:109,8,0,2
BRDA:109,8,1,15
BRF:18
BRH:18
end_of_record
TN:
SF:/Users/wooyomac/2020-2/myswpp/swpp-hw3-wooong210/src/containers/Articles/ArticleEdit/ArticleEdit.js
FN:14,(anonymous_0)
FN:28,(anonymous_1)
FN:36,(anonymous_2)
FN:41,(anonymous_3)
FN:56,(anonymous_4)
FN:64,(anonymous_5)
FN:69,(anonymous_6)
FN:73,(anonymous_7)
FN:78,(anonymous_8)
FN:82,(anonymous_9)
FN:91,(anonymous_10)
FN:100,(anonymous_11)
FN:102,(anonymous_12)
FN:103,(anonymous_13)
FN:105,(anonymous_14)
FN:106,(anonymous_15)
FNF:16
FNH:16
FNDA:14,(anonymous_0)
FNDA:4,(anonymous_1)
FNDA:1,(anonymous_2)
FNDA:37,(anonymous_3)
FNDA:4,(anonymous_4)
FNDA:3,(anonymous_5)
FNDA:4,(anonymous_6)
FNDA:1,(anonymous_7)
FNDA:2,(anonymous_8)
FNDA:1,(anonymous_9)
FNDA:14,(anonymous_10)
FNDA:14,(anonymous_11)
FNDA:14,(anonymous_12)
FNDA:1,(anonymous_13)
FNDA:14,(anonymous_14)
FNDA:13,(anonymous_15)
DA:7,14
DA:15,14
DA:16,14
DA:17,14
DA:18,14
DA:19,14
DA:20,13
DA:28,14
DA:29,4
DA:30,2
DA:31,2
DA:33,2
DA:36,14
DA:37,1
DA:38,1
DA:42,37
DA:56,4
DA:64,3
DA:69,4
DA:73,1
DA:78,2
DA:82,1
DA:91,2
DA:92,14
DA:100,2
DA:101,14
DA:102,14
DA:104,1
DA:105,14
DA:106,13
LF:30
LH:30
BRDA:16,0,0,13
BRDA:16,0,1,1
BRDA:18,1,0,1
BRDA:18,1,1,13
BRDA:19,2,0,13
BRDA:19,2,1,1
BRDA:29,3,0,2
BRDA:29,3,1,2
BRDA:29,4,0,4
BRDA:29,4,1,2
BRDA:31,5,0,1
BRDA:31,5,1,1
BRDA:44,6,0,2
BRDA:44,6,1,35
BRDA:46,7,0,0
BRDA:46,7,1,2
BRDA:74,8,0,22
BRDA:74,8,1,15
BRDA:74,9,0,37
BRDA:74,9,1,22
BRF:20
BRH:19
end_of_record
TN:
SF:/Users/wooyomac/2020-2/myswpp/swpp-hw3-wooong210/src/containers/Articles/NewArticle/NewArticle.js
FN:15,(anonymous_0)
FN:22,(anonymous_1)
FN:26,(anonymous_2)
FN:32,(anonymous_3)
FN:38,(anonymous_4)
FN:53,(anonymous_5)
FN:59,(anonymous_6)
FN:64,(anonymous_7)
FN:68,(anonymous_8)
FN:73,(anonymous_9)
FN:77,(anonymous_10)
FN:85,(anonymous_11)
FN:94,(anonymous_12)
FN:96,(anonymous_13)
FN:98,(anonymous_14)
FN:99,(anonymous_15)
FNF:16
FNH:16
FNDA:10,(anonymous_0)
FNDA:1,(anonymous_1)
FNDA:1,(anonymous_2)
FNDA:2,(anonymous_3)
FNDA:27,(anonymous_4)
FNDA:2,(anonymous_5)
FNDA:2,(anonymous_6)
FNDA:1,(anonymous_7)
FNDA:1,(anonymous_8)
FNDA:2,(anonymous_9)
FNDA:1,(anonymous_10)
FNDA:10,(anonymous_11)
FNDA:10,(anonymous_12)
FNDA:1,(anonymous_13)
FNDA:10,(anonymous_14)
FNDA:9,(anonymous_15)
DA:8,10
DA:16,10
DA:17,10
DA:18,10
DA:19,10
DA:22,10
DA:23,1
DA:26,10
DA:27,1
DA:28,1
DA:29,1
DA:32,10
DA:33,2
DA:39,27
DA:53,2
DA:59,2
DA:64,1
DA:68,1
DA:73,2
DA:77,1
DA:85,2
DA:86,10
DA:94,2
DA:95,10
DA:97,1
DA:98,10
DA:99,9
LF:27
LH:27
BRDA:17,0,0,1
BRDA:17,0,1,9
BRDA:18,1,0,9
BRDA:18,1,1,1
BRDA:41,2,0,2
BRDA:41,2,1,25
BRDA:43,3,0,0
BRDA:43,3,1,2
BRDA:69,4,0,1
BRDA:69,4,1,26
BRDA:69,5,0,27
BRDA:69,5,1,2
BRF:12
BRH:11
end_of_record
TN:
SF:/Users/wooyomac/2020-2/myswpp/swpp-hw3-wooong210/src/containers/Login/Login.js
FN:11,(anonymous_0)
FN:18,(anonymous_1)
FN:30,(anonymous_2)
FN:41,(anonymous_3)
FN:50,(anonymous_4)
FN:53,(anonymous_5)
FN:59,(anonymous_6)
FN:67,(anonymous_7)
FN:69,(anonymous_8)
FN:70,(anonymous_9)
FN:71,(anonymous_10)
FNF:11
FNH:11
FNDA:8,(anonymous_0)
FNDA:2,(anonymous_1)
FNDA:15,(anonymous_2)
FNDA:3,(anonymous_3)
FNDA:3,(anonymous_4)
FNDA:2,(anonymous_5)
FNDA:9,(anonymous_6)
FNDA:8,(anonymous_7)
FNDA:1,(anonymous_8)
FNDA:8,(anonymous_9)
FNDA:7,(anonymous_10)
DA:6,8
DA:12,8
DA:13,8
DA:14,8
DA:15,2
DA:18,8
DA:19,2
DA:20,2
DA:21,1
DA:22,1
DA:25,1
DA:26,1
DA:32,15
DA:41,3
DA:50,3
DA:53,2
DA:59,2
DA:60,9
DA:67,2
DA:68,8
DA:69,1
DA:70,8
DA:71,7
LF:23
LH:23
BRDA:13,0,0,7
BRDA:13,0,1,1
BRDA:14,1,0,2
BRDA:14,1,1,6
BRDA:20,2,0,1
BRDA:20,2,1,1
BRDA:20,3,0,2
BRDA:20,3,1,1
BRF:8
BRH:8
end_of_record
TN:
SF:/Users/wooyomac/2020-2/myswpp/swpp-hw3-wooong210/src/store/store.js
FNF:0
FNH:0
DA:10,10
DA:12,10
DA:18,10
DA:20,10
DA:21,10
LF:5
LH:5
BRDA:20,0,0,10
BRDA:20,0,1,10
BRF:2
BRH:2
end_of_record
TN:
SF:/Users/wooyomac/2020-2/myswpp/swpp-hw3-wooong210/src/store/actions/actionTypes.js
FNF:0
FNH:0
DA:2,10
DA:3,10
DA:4,10
DA:5,10
DA:6,10
DA:9,10
DA:10,10
DA:11,10
DA:12,10
DA:13,10
DA:16,10
DA:17,10
DA:18,10
DA:19,10
LF:14
LH:14
BRF:0
BRH:0
end_of_record
TN:
SF:/Users/wooyomac/2020-2/myswpp/swpp-hw3-wooong210/src/store/actions/blog.js
FN:5,(anonymous_0)
FN:9,(anonymous_1)
FN:10,(anonymous_2)
FN:12,(anonymous_3)
FN:16,(anonymous_4)
FN:26,(anonymous_5)
FN:27,(anonymous_6)
FN:29,(anonymous_7)
FN:36,(anonymous_8)
FN:43,(anonymous_9)
FN:44,(anonymous_10)
FN:46,(anonymous_11)
FN:50,(anonymous_12)
FN:60,(anonymous_13)
FN:61,(anonymous_14)
FN:63,(anonymous_15)
FN:71,(anonymous_16)
FN:78,(anonymous_17)
FN:79,(anonymous_18)
FN:81,(anonymous_19)
FNF:20
FNH:20
FNDA:1,(anonymous_0)
FNDA:1,(anonymous_1)
FNDA:1,(anonymous_2)
FNDA:1,(anonymous_3)
FNDA:1,(anonymous_4)
FNDA:1,(anonymous_5)
FNDA:1,(anonymous_6)
FNDA:1,(anonymous_7)
FNDA:1,(anonymous_8)
FNDA:1,(anonymous_9)
FNDA:1,(anonymous_10)
FNDA:1,(anonymous_11)
FNDA:1,(anonymous_12)
FNDA:1,(anonymous_13)
FNDA:1,(anonymous_14)
FNDA:1,(anonymous_15)
FNDA:1,(anonymous_16)
FNDA:1,(anonymous_17)
FNDA:1,(anonymous_18)
FNDA:1,(anonymous_19)
DA:5,8
DA:6,1
DA:9,8
DA:10,1
DA:11,1
DA:12,1
DA:16,8
DA:17,1
DA:26,8
DA:27,1
DA:28,1
DA:30,1
DA:31,1
DA:36,8
DA:37,1
DA:43,8
DA:44,1
DA:45,1
DA:46,1
DA:50,8
DA:51,1
DA:60,8
DA:61,1
DA:62,1
DA:64,1
DA:65,1
DA:71,8
DA:72,1
DA:78,8
DA:79,1
DA:80,1
DA:81,1
LF:32
LH:32
BRF:0
BRH:0
end_of_record
TN:
SF:/Users/wooyomac/2020-2/myswpp/swpp-hw3-wooong210/src/store/actions/comments.js
FN:4,(anonymous_0)
FN:8,(anonymous_1)
FN:9,(anonymous_2)
FN:11,(anonymous_3)
FN:15,(anonymous_4)
FN:25,(anonymous_5)
FN:26,(anonymous_6)
FN:28,(anonymous_7)
FN:32,(anonymous_8)
FN:39,(anonymous_9)
FN:40,(anonymous_10)
FN:42,(anonymous_11)
FN:46,(anonymous_12)
FN:56,(anonymous_13)
FN:57,(anonymous_14)
FN:59,(anonymous_15)
FN:64,(anonymous_16)
FN:71,(anonymous_17)
FN:72,(anonymous_18)
FN:74,(anonymous_19)
FNF:20
FNH:20
FNDA:1,(anonymous_0)
FNDA:1,(anonymous_1)
FNDA:1,(anonymous_2)
FNDA:1,(anonymous_3)
FNDA:1,(anonymous_4)
FNDA:1,(anonymous_5)
FNDA:1,(anonymous_6)
FNDA:1,(anonymous_7)
FNDA:1,(anonymous_8)
FNDA:1,(anonymous_9)
FNDA:1,(anonymous_10)
FNDA:1,(anonymous_11)
FNDA:1,(anonymous_12)
FNDA:1,(anonymous_13)
FNDA:1,(anonymous_14)
FNDA:1,(anonymous_15)
FNDA:1,(anonymous_16)
FNDA:1,(anonymous_17)
FNDA:1,(anonymous_18)
FNDA:1,(anonymous_19)
DA:4,8
DA:5,1
DA:8,8
DA:9,1
DA:10,1
DA:11,1
DA:15,8
DA:16,1
DA:25,8
DA:26,1
DA:27,1
DA:28,1
DA:32,8
DA:33,1
DA:39,8
DA:40,1
DA:41,1
DA:42,1
DA:46,8
DA:47,1
DA:56,8
DA:57,1
DA:58,1
DA:59,1
DA:64,8
DA:65,1
DA:71,8
DA:72,1
DA:73,1
DA:74,1
LF:30
LH:30
BRF:0
BRH:0
end_of_record
TN:
SF:/Users/wooyomac/2020-2/myswpp/swpp-hw3-wooong210/src/store/actions/index.js
FNF:0
FNH:0
LF:0
LH:0
BRF:0
BRH:0
end_of_record
TN:
SF:/Users/wooyomac/2020-2/myswpp/swpp-hw3-wooong210/src/store/actions/user.js
FN:4,(anonymous_0)
FN:11,(anonymous_1)
FN:12,(anonymous_2)
FN:14,(anonymous_3)
FN:18,(anonymous_4)
FN:24,(anonymous_5)
FN:25,(anonymous_6)
FN:27,(anonymous_7)
FN:31,(anonymous_8)
FN:40,(anonymous_9)
FN:41,(anonymous_10)
FN:43,(anonymous_11)
FN:47,(anonymous_12)
FN:54,(anonymous_13)
FN:55,(anonymous_14)
FN:57,(anonymous_15)
FNF:16
FNH:16
FNDA:1,(anonymous_0)
FNDA:2,(anonymous_1)
FNDA:2,(anonymous_2)
FNDA:1,(anonymous_3)
FNDA:1,(anonymous_4)
FNDA:1,(anonymous_5)
FNDA:1,(anonymous_6)
FNDA:1,(anonymous_7)
FNDA:1,(anonymous_8)
FNDA:12,(anonymous_9)
FNDA:12,(anonymous_10)
FNDA:1,(anonymous_11)
FNDA:1,(anonymous_12)
FNDA:14,(anonymous_13)
FNDA:14,(anonymous_14)
FNDA:1,(anonymous_15)
DA:4,8
DA:5,1
DA:11,8
DA:12,2
DA:13,2
DA:14,1
DA:18,8
DA:19,1
DA:24,8
DA:25,1
DA:26,1
DA:27,1
DA:31,8
DA:32,1
DA:40,8
DA:41,12
DA:42,12
DA:43,1
DA:47,8
DA:48,1
DA:54,8
DA:55,14
DA:56,14
DA:57,1
LF:24
LH:24
BRF:0
BRH:0
end_of_record
TN:
SF:/Users/wooyomac/2020-2/myswpp/swpp-hw3-wooong210/src/store/reducers/blog.js
FN:9,(anonymous_0)
FN:34,(anonymous_1)
FN:40,(anonymous_2)
FNF:3
FNH:3
FNDA:44,(anonymous_0)
FNDA:2,(anonymous_1)
FNDA:1,(anonymous_2)
DA:3,10
DA:9,10
DA:10,44
DA:13,1
DA:16,1
DA:19,1
DA:25,1
DA:28,1
DA:34,1
DA:35,2
DA:37,1
DA:40,1
DA:41,1
DA:43,1
DA:45,39
DA:47,39
LF:16
LH:16
BRDA:9,0,0,30
BRDA:10,1,0,1
BRDA:10,1,1,1
BRDA:10,1,2,1
BRDA:10,1,3,1
BRDA:10,1,4,1
BRDA:10,1,5,39
BRF:7
BRH:7
end_of_record
TN:
SF:/Users/wooyomac/2020-2/myswpp/swpp-hw3-wooong210/src/store/reducers/comments.js
FN:9,(anonymous_0)
FN:34,(anonymous_1)
FN:40,(anonymous_2)
FNF:3
FNH:3
FNDA:44,(anonymous_0)
FNDA:2,(anonymous_1)
FNDA:1,(anonymous_2)
DA:3,10
DA:9,10
DA:10,44
DA:13,1
DA:16,1
DA:19,1
DA:25,1
DA:28,1
DA:34,1
DA:35,2
DA:37,1
DA:40,1
DA:41,1
DA:43,1
DA:45,39
DA:47,39
LF:16
LH:16
BRDA:9,0,0,30
BRDA:10,1,0,1
BRDA:10,1,1,1
BRDA:10,1,2,1
BRDA:10,1,3,1
BRDA:10,1,4,1
BRDA:10,1,5,39
BRF:7
BRH:7
end_of_record
TN:
SF:/Users/wooyomac/2020-2/myswpp/swpp-hw3-wooong210/src/store/reducers/user.js
FN:7,(anonymous_0)
FN:21,(anonymous_1)
FNF:2
FNH:2
FNDA:44,(anonymous_0)
FNDA:3,(anonymous_1)
DA:3,10
DA:7,10
DA:8,44
DA:11,1
DA:14,1
DA:17,1
DA:20,1
DA:21,3
DA:22,1
DA:24,40
DA:26,40
LF:11
LH:11
BRDA:7,0,0,30
BRDA:8,1,0,1
BRDA:8,1,1,1
BRDA:8,1,2,1
BRDA:8,1,3,1
BRDA:8,1,4,40
BRF:6
BRH:6
end_of_record
TN:
SF:/Users/wooyomac/2020-2/myswpp/swpp-hw3-wooong210/src/test-utils/mocks.js
FN:9,(anonymous_0)
FN:9,(anonymous_1)
FN:19,(anonymous_2)
FN:19,(anonymous_3)
FN:29,(anonymous_4)
FN:29,(anonymous_5)
FN:38,(anonymous_6)
FNF:7
FNH:7
FNDA:20,(anonymous_0)
FNDA:119,(anonymous_1)
FNDA:20,(anonymous_2)
FNDA:119,(anonymous_3)
FNDA:20,(anonymous_4)
FNDA:119,(anonymous_5)
FNDA:20,(anonymous_6)
DA:8,7
DA:9,20
DA:10,119
DA:12,119
DA:14,119
DA:18,7
DA:19,20
DA:20,119
DA:22,119
DA:24,119
DA:28,7
DA:29,20
DA:30,119
DA:32,119
DA:34,119
DA:38,7
DA:39,20
DA:40,20
DA:41,20
DA:42,20
DA:48,20
DA:49,20
DA:51,20
LF:23
LH:23
BRDA:9,0,0,60
BRDA:10,1,0,119
BRDA:19,2,0,60
BRDA:20,3,0,119
BRDA:29,4,0,60
BRDA:30,5,0,119
BRDA:48,6,0,20
BRDA:48,6,1,20
BRF:8
BRH:8
end_of_record
